0 verbose cli /usr/local/bin/node /usr/local/bin/npm
1 info using npm@11.8.0
2 info using node@v24.13.1
3 silly config load:file:/usr/local/lib/node_modules/npm/npmrc
4 silly config load:file:/Users/zhangwenbo/Desktop/自媒体项目/作品/20260619_AI同事上岗/封面预览/.npmrc
5 silly config load:file:/Users/zhangwenbo/.npmrc
6 silly config load:file:/usr/local/etc/npmrc
7 verbose title npm install
8 verbose argv "install"
9 verbose logfile logs-max:10 dir:/Users/zhangwenbo/Desktop/自媒体项目/作品/20260619_AI同事上岗/封面预览/.npm-cache/_logs/2026-06-20T10_00_58_621Z-
10 verbose logfile /Users/zhangwenbo/Desktop/自媒体项目/作品/20260619_AI同事上岗/封面预览/.npm-cache/_logs/2026-06-20T10_00_58_621Z-debug-0.log
11 silly logfile done cleaning log files
12 silly packumentCache heap:4496293888 maxSize:1124073472 maxEntrySize:562036736
13 http fetch GET https://registry.npmjs.org/npm attempt 1 failed with ENOTFOUND
14 silly idealTree buildDeps
15 silly fetch manifest @vitejs/plugin-react@5.0.4
16 silly packumentCache full:https://registry.npmjs.org/@vitejs%2fplugin-react cache-miss
17 http fetch GET https://registry.npmjs.org/@vitejs%2fplugin-react attempt 1 failed with ENOTFOUND
18 http fetch GET https://registry.npmjs.org/npm attempt 2 failed with ENOTFOUND
19 http fetch GET https://registry.npmjs.org/@vitejs%2fplugin-react attempt 2 failed with ENOTFOUND
