0 verbose cli /usr/local/bin/node /usr/local/bin/npm
1 info using npm@11.8.0
2 info using node@v24.13.1
3 silly config load:file:/usr/local/lib/node_modules/npm/npmrc
4 silly config load:file:/Users/zhangwenbo/Desktop/自媒体项目/作品/20260619_AI同事上岗/封面预览/.npmrc
5 silly config load:file:/Users/zhangwenbo/.npmrc
6 silly config load:file:/usr/local/etc/npmrc
7 verbose title npm install
8 verbose argv "install"
9 verbose logfile logs-max:10 dir:/Users/zhangwenbo/Desktop/自媒体项目/作品/20260619_AI同事上岗/封面预览/.npm-cache/_logs/2026-06-20T10_02_25_372Z-
10 verbose logfile /Users/zhangwenbo/Desktop/自媒体项目/作品/20260619_AI同事上岗/封面预览/.npm-cache/_logs/2026-06-20T10_02_25_372Z-debug-0.log
11 silly logfile done cleaning log files
12 silly packumentCache heap:4496293888 maxSize:1124073472 maxEntrySize:562036736
13 silly idealTree buildDeps
14 silly fetch manifest @vitejs/plugin-react@5.0.4
15 silly packumentCache full:https://registry.npmjs.org/@vitejs%2fplugin-react cache-miss
16 http fetch GET 200 https://registry.npmjs.org/@vitejs%2fplugin-react 1053ms (cache miss)
17 silly packumentCache full:https://registry.npmjs.org/@vitejs%2fplugin-react set size:undefined disposed:false
18 silly fetch manifest vite@6.4.2
19 silly packumentCache full:https://registry.npmjs.org/vite cache-miss
20 http fetch GET 200 https://registry.npmjs.org/vite 1457ms (cache miss)
21 silly packumentCache full:https://registry.npmjs.org/vite set size:undefined disposed:false
22 silly fetch manifest @types/node@^18.0.0 || ^20.0.0 || >=22.0.0
23 silly packumentCache full:https://registry.npmjs.org/@types%2fnode cache-miss
24 http fetch GET 200 https://registry.npmjs.org/@types%2fnode 361ms (cache miss)
25 silly packumentCache full:https://registry.npmjs.org/@types%2fnode set size:undefined disposed:false
26 silly fetch manifest jiti@>=1.21.0
27 silly packumentCache full:https://registry.npmjs.org/jiti cache-miss
28 http fetch GET 200 https://registry.npmjs.org/jiti 186ms (cache miss)
29 silly packumentCache full:https://registry.npmjs.org/jiti set size:undefined disposed:false
30 silly fetch manifest less@*
31 silly packumentCache full:https://registry.npmjs.org/less cache-miss
32 http fetch GET 200 https://registry.npmjs.org/less 234ms (cache miss)
33 silly packumentCache full:https://registry.npmjs.org/less set size:undefined disposed:false
34 silly fetch manifest lightningcss@^1.21.0
35 silly packumentCache full:https://registry.npmjs.org/lightningcss cache-miss
36 http fetch GET 200 https://registry.npmjs.org/lightningcss 184ms (cache miss)
37 silly packumentCache full:https://registry.npmjs.org/lightningcss set size:undefined disposed:false
38 silly fetch manifest sass@*
39 silly packumentCache full:https://registry.npmjs.org/sass cache-miss
40 http fetch GET 200 https://registry.npmjs.org/sass 198ms (cache miss)
41 silly packumentCache full:https://registry.npmjs.org/sass set size:undefined disposed:false
42 silly fetch manifest sass-embedded@*
43 silly packumentCache full:https://registry.npmjs.org/sass-embedded cache-miss
44 http fetch GET 200 https://registry.npmjs.org/sass-embedded 195ms (cache miss)
45 silly packumentCache full:https://registry.npmjs.org/sass-embedded set size:undefined disposed:false
46 silly fetch manifest stylus@*
47 silly packumentCache full:https://registry.npmjs.org/stylus cache-miss
48 http fetch GET 200 https://registry.npmjs.org/stylus 186ms (cache miss)
49 silly packumentCache full:https://registry.npmjs.org/stylus set size:undefined disposed:false
50 silly fetch manifest sugarss@*
51 silly packumentCache full:https://registry.npmjs.org/sugarss cache-miss
52 http fetch GET 200 https://registry.npmjs.org/sugarss 172ms (cache miss)
53 silly packumentCache full:https://registry.npmjs.org/sugarss set size:undefined disposed:false
54 silly fetch manifest postcss@^8.3.3
55 silly packumentCache full:https://registry.npmjs.org/postcss cache-miss
56 http fetch GET 200 https://registry.npmjs.org/postcss 192ms (cache miss)
57 silly packumentCache full:https://registry.npmjs.org/postcss set size:undefined disposed:false
58 silly fetch manifest terser@^5.16.0
59 silly packumentCache full:https://registry.npmjs.org/terser cache-miss
60 http fetch GET 200 https://registry.npmjs.org/terser 207ms (cache miss)
61 silly packumentCache full:https://registry.npmjs.org/terser set size:undefined disposed:false
62 silly fetch manifest tsx@^4.8.1
63 silly packumentCache full:https://registry.npmjs.org/tsx cache-miss
64 http fetch GET 200 https://registry.npmjs.org/tsx 205ms (cache miss)
65 silly packumentCache full:https://registry.npmjs.org/tsx set size:undefined disposed:false
66 silly fetch manifest yaml@^2.4.2
67 silly packumentCache full:https://registry.npmjs.org/yaml cache-miss
68 http fetch GET 200 https://registry.npmjs.org/yaml 185ms (cache miss)
69 silly packumentCache full:https://registry.npmjs.org/yaml set size:undefined disposed:false
70 silly fetch manifest react@19.2.0
71 silly packumentCache full:https://registry.npmjs.org/react cache-miss
72 http fetch GET 200 https://registry.npmjs.org/react 364ms (cache miss)
73 silly packumentCache full:https://registry.npmjs.org/react set size:undefined disposed:false
74 silly fetch manifest react-dom@19.2.0
75 silly packumentCache full:https://registry.npmjs.org/react-dom cache-miss
76 http fetch GET 200 https://registry.npmjs.org/react-dom 350ms (cache miss)
77 silly packumentCache full:https://registry.npmjs.org/react-dom set size:undefined disposed:false
78 silly placeDep ROOT @vitejs/plugin-react@5.0.4 OK for: prototype@0.0.0 want: 5.0.4
79 silly placeDep ROOT vite@6.4.2 OK for: @vitejs/plugin-react@5.0.4 want: ^4.2.0 || ^5.0.0 || ^6.0.0 || ^7.0.0
80 silly placeDep ROOT react@19.2.0 OK for: prototype@0.0.0 want: 19.2.0
81 silly placeDep ROOT react-dom@19.2.0 OK for: prototype@0.0.0 want: 19.2.0
82 silly fetch manifest @babel/core@^7.28.4
83 silly packumentCache full:https://registry.npmjs.org/@babel%2fcore cache-miss
84 silly fetch manifest react-refresh@^0.17.0
85 silly packumentCache full:https://registry.npmjs.org/react-refresh cache-miss
86 silly fetch manifest @types/babel__core@^7.20.5
87 silly packumentCache full:https://registry.npmjs.org/@types%2fbabel__core cache-miss
88 silly fetch manifest @rolldown/pluginutils@1.0.0-beta.38
89 silly packumentCache full:https://registry.npmjs.org/@rolldown%2fpluginutils cache-miss
90 silly fetch manifest @babel/plugin-transform-react-jsx-self@^7.27.1
91 silly packumentCache full:https://registry.npmjs.org/@babel%2fplugin-transform-react-jsx-self cache-miss
92 silly fetch manifest @babel/plugin-transform-react-jsx-source@^7.27.1
93 silly packumentCache full:https://registry.npmjs.org/@babel%2fplugin-transform-react-jsx-source cache-miss
94 silly fetch manifest fdir@^6.4.4
95 silly packumentCache full:https://registry.npmjs.org/fdir cache-miss
96 silly fetch manifest rollup@^4.34.9
97 silly packumentCache full:https://registry.npmjs.org/rollup cache-miss
98 silly fetch manifest esbuild@^0.25.0
99 silly packumentCache full:https://registry.npmjs.org/esbuild cache-miss
100 http fetch GET 200 https://registry.npmjs.org/@babel%2fcore 218ms (cache miss)
101 silly packumentCache full:https://registry.npmjs.org/@babel%2fcore set size:undefined disposed:false
102 silly fetch manifest postcss@^8.5.3
103 silly packumentCache full:https://registry.npmjs.org/postcss cache-miss
104 http cache https://registry.npmjs.org/postcss 6ms (cache hit)
105 silly packumentCache full:https://registry.npmjs.org/postcss set size:723316 disposed:false
106 silly fetch manifest picomatch@^4.0.2
107 silly packumentCache full:https://registry.npmjs.org/picomatch cache-miss
108 http fetch GET 200 https://registry.npmjs.org/picomatch 180ms (cache miss)
109 silly packumentCache full:https://registry.npmjs.org/picomatch set size:undefined disposed:false
110 silly fetch manifest tinyglobby@^0.2.13
111 silly packumentCache full:https://registry.npmjs.org/tinyglobby cache-miss
112 http fetch GET 200 https://registry.npmjs.org/tinyglobby 203ms (cache miss)
113 silly packumentCache full:https://registry.npmjs.org/tinyglobby set size:undefined disposed:false
114 silly fetch manifest fsevents@~2.3.3
115 silly packumentCache full:https://registry.npmjs.org/fsevents cache-miss
116 http fetch GET 200 https://registry.npmjs.org/fsevents 181ms (cache miss)
117 silly packumentCache full:https://registry.npmjs.org/fsevents set size:undefined disposed:false
118 silly fetch manifest scheduler@^0.27.0
119 silly packumentCache full:https://registry.npmjs.org/scheduler cache-miss
120 http fetch GET 200 https://registry.npmjs.org/@types%2fbabel__core 1149ms (cache miss)
121 silly packumentCache full:https://registry.npmjs.org/@types%2fbabel__core set size:undefined disposed:false
122 http fetch GET 200 https://registry.npmjs.org/fdir 1149ms (cache miss)
123 silly packumentCache full:https://registry.npmjs.org/fdir set size:undefined disposed:false
124 http fetch GET 200 https://registry.npmjs.org/@rolldown%2fpluginutils 1152ms (cache miss)
125 silly packumentCache full:https://registry.npmjs.org/@rolldown%2fpluginutils set size:undefined disposed:false
126 http fetch GET 200 https://registry.npmjs.org/@babel%2fplugin-transform-react-jsx-source 1153ms (cache miss)
127 silly packumentCache full:https://registry.npmjs.org/@babel%2fplugin-transform-react-jsx-source set size:undefined disposed:false
128 http fetch GET 200 https://registry.npmjs.org/@babel%2fplugin-transform-react-jsx-self 1155ms (cache miss)
129 silly packumentCache full:https://registry.npmjs.org/@babel%2fplugin-transform-react-jsx-self set size:undefined disposed:false
130 http fetch GET 200 https://registry.npmjs.org/scheduler 362ms (cache miss)
131 silly packumentCache full:https://registry.npmjs.org/scheduler set size:undefined disposed:false
132 http fetch GET 200 https://registry.npmjs.org/esbuild 1402ms (cache miss)
133 silly packumentCache full:https://registry.npmjs.org/esbuild set size:undefined disposed:false
134 http fetch GET 200 https://registry.npmjs.org/rollup 1538ms (cache miss)
135 silly packumentCache full:https://registry.npmjs.org/rollup set size:undefined disposed:false
136 http fetch GET 200 https://registry.npmjs.org/react-refresh 1663ms (cache miss)
137 silly packumentCache full:https://registry.npmjs.org/react-refresh set size:undefined disposed:false
138 silly placeDep ROOT @babel/core@7.29.7 OK for: @vitejs/plugin-react@5.0.4 want: ^7.28.4
139 silly placeDep ROOT @babel/plugin-transform-react-jsx-self@7.29.7 OK for: @vitejs/plugin-react@5.0.4 want: ^7.27.1
140 silly placeDep ROOT @babel/plugin-transform-react-jsx-source@7.29.7 OK for: @vitejs/plugin-react@5.0.4 want: ^7.27.1
141 silly placeDep ROOT @rolldown/pluginutils@1.0.0-beta.38 OK for: @vitejs/plugin-react@5.0.4 want: 1.0.0-beta.38
142 silly placeDep ROOT @types/babel__core@7.20.5 OK for: @vitejs/plugin-react@5.0.4 want: ^7.20.5
143 silly placeDep ROOT react-refresh@0.17.0 OK for: @vitejs/plugin-react@5.0.4 want: ^0.17.0
144 silly fetch manifest debug@^4.1.0
145 silly packumentCache full:https://registry.npmjs.org/debug cache-miss
146 silly fetch manifest json5@^2.2.3
147 silly packumentCache full:https://registry.npmjs.org/json5 cache-miss
148 silly fetch manifest semver@^6.3.1
149 silly packumentCache full:https://registry.npmjs.org/semver cache-miss
150 silly fetch manifest gensync@^1.0.0-beta.2
151 silly packumentCache full:https://registry.npmjs.org/gensync cache-miss
152 silly fetch manifest @babel/types@^7.29.7
153 silly packumentCache full:https://registry.npmjs.org/@babel%2ftypes cache-miss
154 silly fetch manifest @babel/parser@^7.29.7
155 silly packumentCache full:https://registry.npmjs.org/@babel%2fparser cache-miss
156 silly fetch manifest @babel/helpers@^7.29.7
157 silly packumentCache full:https://registry.npmjs.org/@babel%2fhelpers cache-miss
158 silly fetch manifest @babel/template@^7.29.7
159 silly packumentCache full:https://registry.npmjs.org/@babel%2ftemplate cache-miss
160 silly fetch manifest @babel/traverse@^7.29.7
161 silly packumentCache full:https://registry.npmjs.org/@babel%2ftraverse cache-miss
162 http fetch GET 200 https://registry.npmjs.org/debug 188ms (cache miss)
163 silly packumentCache full:https://registry.npmjs.org/debug set size:undefined disposed:false
164 silly fetch manifest @babel/generator@^7.29.7
165 silly packumentCache full:https://registry.npmjs.org/@babel%2fgenerator cache-miss
166 http fetch GET 200 https://registry.npmjs.org/gensync 190ms (cache miss)
167 silly packumentCache full:https://registry.npmjs.org/gensync set size:undefined disposed:false
168 silly fetch manifest @babel/code-frame@^7.29.7
169 silly packumentCache full:https://registry.npmjs.org/@babel%2fcode-frame cache-miss
170 http fetch GET 200 https://registry.npmjs.org/@babel%2ftemplate 199ms (cache miss)
171 silly packumentCache full:https://registry.npmjs.org/@babel%2ftemplate set size:undefined disposed:false
172 silly fetch manifest convert-source-map@^2.0.0
173 silly packumentCache full:https://registry.npmjs.org/convert-source-map cache-miss
174 http fetch GET 200 https://registry.npmjs.org/json5 202ms (cache miss)
175 silly packumentCache full:https://registry.npmjs.org/json5 set size:undefined disposed:false
176 silly fetch manifest @jridgewell/remapping@^2.3.5
177 silly packumentCache full:https://registry.npmjs.org/@jridgewell%2fremapping cache-miss
178 http fetch GET 200 https://registry.npmjs.org/@babel%2ftraverse 208ms (cache miss)
179 silly packumentCache full:https://registry.npmjs.org/@babel%2ftraverse set size:undefined disposed:false
180 silly fetch manifest @babel/helper-module-transforms@^7.29.7
181 silly packumentCache full:https://registry.npmjs.org/@babel%2fhelper-module-transforms cache-miss
182 http fetch GET 200 https://registry.npmjs.org/@babel%2fhelpers 212ms (cache miss)
183 silly packumentCache full:https://registry.npmjs.org/@babel%2fhelpers set size:undefined disposed:false
184 silly fetch manifest @babel/helper-compilation-targets@^7.29.7
185 silly packumentCache full:https://registry.npmjs.org/@babel%2fhelper-compilation-targets cache-miss
186 http fetch GET 200 https://registry.npmjs.org/semver 310ms (cache miss)
187 silly packumentCache full:https://registry.npmjs.org/semver set size:undefined disposed:false
188 silly fetch manifest @babel/helper-plugin-utils@^7.29.7
189 silly packumentCache full:https://registry.npmjs.org/@babel%2fhelper-plugin-utils cache-miss
190 http fetch GET 200 https://registry.npmjs.org/convert-source-map 171ms (cache miss)
191 silly packumentCache full:https://registry.npmjs.org/convert-source-map set size:undefined disposed:false
192 silly fetch manifest @babel/helper-plugin-utils@^7.29.7
193 silly packumentCache full:https://registry.npmjs.org/@babel%2fhelper-plugin-utils cache-miss
194 http fetch GET 200 https://registry.npmjs.org/@babel%2fgenerator 201ms (cache miss)
195 silly packumentCache full:https://registry.npmjs.org/@babel%2fgenerator set size:undefined disposed:false
196 silly fetch manifest @babel/types@^7.20.7
197 silly packumentCache full:https://registry.npmjs.org/@babel%2ftypes cache-miss
198 http fetch GET 200 https://registry.npmjs.org/@jridgewell%2fremapping 198ms (cache miss)
199 silly packumentCache full:https://registry.npmjs.org/@jridgewell%2fremapping set size:undefined disposed:false
200 silly fetch manifest @babel/parser@^7.20.7
201 silly packumentCache full:https://registry.npmjs.org/@babel%2fparser cache-miss
202 http fetch GET 200 https://registry.npmjs.org/@babel%2ftypes 407ms (cache miss)
203 silly packumentCache full:https://registry.npmjs.org/@babel%2ftypes set size:undefined disposed:false
204 silly fetch manifest @types/babel__template@*
205 silly packumentCache full:https://registry.npmjs.org/@types%2fbabel__template cache-miss
206 http fetch GET 200 https://registry.npmjs.org/@babel%2fhelper-module-transforms 201ms (cache miss)
207 silly packumentCache full:https://registry.npmjs.org/@babel%2fhelper-module-transforms set size:undefined disposed:false
208 silly fetch manifest @types/babel__traverse@*
209 silly packumentCache full:https://registry.npmjs.org/@types%2fbabel__traverse cache-miss
210 http fetch GET 200 https://registry.npmjs.org/@babel%2fhelper-compilation-targets 203ms (cache miss)
211 silly packumentCache full:https://registry.npmjs.org/@babel%2fhelper-compilation-targets set size:undefined disposed:false
212 silly fetch manifest @types/babel__generator@*
213 silly packumentCache full:https://registry.npmjs.org/@types%2fbabel__generator cache-miss
214 http fetch GET 200 https://registry.npmjs.org/@babel%2fcode-frame 307ms (cache miss)
215 silly packumentCache full:https://registry.npmjs.org/@babel%2fcode-frame set size:undefined disposed:false
216 http fetch GET 200 https://registry.npmjs.org/@babel%2fparser 500ms (cache miss)
217 silly packumentCache full:https://registry.npmjs.org/@babel%2fparser set size:undefined disposed:false
218 http fetch GET 200 https://registry.npmjs.org/@babel%2fhelper-plugin-utils 246ms (cache miss)
219 silly packumentCache full:https://registry.npmjs.org/@babel%2fhelper-plugin-utils set size:undefined disposed:false
220 http fetch GET 200 https://registry.npmjs.org/@babel%2fhelper-plugin-utils 186ms (cache miss)
221 silly packumentCache full:https://registry.npmjs.org/@babel%2fhelper-plugin-utils set size:undefined disposed:false
222 http fetch GET 200 https://registry.npmjs.org/@babel%2ftypes 209ms (cache miss)
223 silly packumentCache full:https://registry.npmjs.org/@babel%2ftypes set size:undefined disposed:false
224 http fetch GET 200 https://registry.npmjs.org/@types%2fbabel__template 199ms (cache miss)
225 silly packumentCache full:https://registry.npmjs.org/@types%2fbabel__template set size:undefined disposed:false
226 http fetch GET 200 https://registry.npmjs.org/@types%2fbabel__generator 190ms (cache miss)
227 silly packumentCache full:https://registry.npmjs.org/@types%2fbabel__generator set size:undefined disposed:false
228 http fetch GET 200 https://registry.npmjs.org/@types%2fbabel__traverse 196ms (cache miss)
229 silly packumentCache full:https://registry.npmjs.org/@types%2fbabel__traverse set size:undefined disposed:false
230 http fetch GET 200 https://registry.npmjs.org/@babel%2fparser 459ms (cache miss)
231 silly packumentCache full:https://registry.npmjs.org/@babel%2fparser set size:undefined disposed:false
232 silly fetch manifest @babel/core@^7.0.0
233 silly packumentCache full:https://registry.npmjs.org/@babel%2fcore cache-miss
234 http cache https://registry.npmjs.org/@babel%2fcore 4ms (cache hit)
235 silly packumentCache full:https://registry.npmjs.org/@babel%2fcore set size:788258 disposed:false
236 silly placeDep ROOT @babel/code-frame@7.29.7 OK for: @babel/core@7.29.7 want: ^7.29.7
237 silly placeDep ROOT @babel/generator@7.29.7 OK for: @babel/core@7.29.7 want: ^7.29.7
238 silly placeDep ROOT @babel/helper-compilation-targets@7.29.7 OK for: @babel/core@7.29.7 want: ^7.29.7
239 silly placeDep ROOT @babel/helper-module-transforms@7.29.7 OK for: @babel/core@7.29.7 want: ^7.29.7
240 silly placeDep ROOT @babel/helpers@7.29.7 OK for: @babel/core@7.29.7 want: ^7.29.7
241 silly placeDep ROOT @babel/parser@7.29.7 OK for: @babel/core@7.29.7 want: ^7.29.7
242 silly placeDep ROOT @babel/template@7.29.7 OK for: @babel/core@7.29.7 want: ^7.29.7
243 silly placeDep ROOT @babel/traverse@7.29.7 OK for: @babel/core@7.29.7 want: ^7.29.7
244 silly placeDep ROOT @babel/types@7.29.7 OK for: @babel/core@7.29.7 want: ^7.29.7
245 silly placeDep ROOT @jridgewell/remapping@2.3.5 OK for: @babel/core@7.29.7 want: ^2.3.5
246 silly placeDep ROOT convert-source-map@2.0.0 OK for: @babel/core@7.29.7 want: ^2.0.0
247 silly placeDep ROOT debug@4.4.3 OK for: @babel/core@7.29.7 want: ^4.1.0
248 silly placeDep ROOT gensync@1.0.0-beta.2 OK for: @babel/core@7.29.7 want: ^1.0.0-beta.2
249 silly placeDep ROOT json5@2.2.3 OK for: @babel/core@7.29.7 want: ^2.2.3
250 silly placeDep ROOT semver@6.3.1 OK for: @babel/core@7.29.7 want: ^6.3.1
251 silly fetch manifest js-tokens@^4.0.0
252 silly packumentCache full:https://registry.npmjs.org/js-tokens cache-miss
253 silly fetch manifest picocolors@^1.1.1
254 silly packumentCache full:https://registry.npmjs.org/picocolors cache-miss
255 silly fetch manifest @babel/helper-validator-identifier@^7.29.7
256 silly packumentCache full:https://registry.npmjs.org/@babel%2fhelper-validator-identifier cache-miss
257 silly fetch manifest jsesc@^3.0.2
258 silly packumentCache full:https://registry.npmjs.org/jsesc cache-miss
259 silly fetch manifest @jridgewell/gen-mapping@^0.3.12
260 silly packumentCache full:https://registry.npmjs.org/@jridgewell%2fgen-mapping cache-miss
261 silly fetch manifest @jridgewell/trace-mapping@^0.3.28
262 silly packumentCache full:https://registry.npmjs.org/@jridgewell%2ftrace-mapping cache-miss
263 silly fetch manifest lru-cache@^5.1.1
264 silly packumentCache full:https://registry.npmjs.org/lru-cache cache-miss
265 silly fetch manifest browserslist@^4.24.0
266 silly packumentCache full:https://registry.npmjs.org/browserslist cache-miss
267 silly fetch manifest @babel/compat-data@^7.29.7
268 silly packumentCache full:https://registry.npmjs.org/@babel%2fcompat-data cache-miss
269 http fetch GET 200 https://registry.npmjs.org/picocolors 185ms (cache miss)
270 silly packumentCache full:https://registry.npmjs.org/picocolors set size:undefined disposed:false
271 silly fetch manifest @babel/helper-validator-option@^7.29.7
272 silly packumentCache full:https://registry.npmjs.org/@babel%2fhelper-validator-option cache-miss
273 http fetch GET 200 https://registry.npmjs.org/jsesc 186ms (cache miss)
274 silly packumentCache full:https://registry.npmjs.org/jsesc set size:undefined disposed:false
275 silly fetch manifest @babel/helper-module-imports@^7.29.7
276 silly packumentCache full:https://registry.npmjs.org/@babel%2fhelper-module-imports cache-miss
277 http fetch GET 200 https://registry.npmjs.org/js-tokens 192ms (cache miss)
278 silly packumentCache full:https://registry.npmjs.org/js-tokens set size:undefined disposed:false
279 silly fetch manifest @babel/helper-validator-identifier@^7.29.7
280 silly packumentCache full:https://registry.npmjs.org/@babel%2fhelper-validator-identifier cache-miss
281 http fetch GET 200 https://registry.npmjs.org/@jridgewell%2fgen-mapping 199ms (cache miss)
282 silly packumentCache full:https://registry.npmjs.org/@jridgewell%2fgen-mapping set size:undefined disposed:false
283 silly fetch manifest debug@^4.3.1
284 silly packumentCache full:https://registry.npmjs.org/debug cache-miss
285 http cache https://registry.npmjs.org/debug 2ms (cache hit)
286 silly packumentCache full:https://registry.npmjs.org/debug set size:195840 disposed:false
287 silly fetch manifest @babel/helper-globals@^7.29.7
288 silly packumentCache full:https://registry.npmjs.org/@babel%2fhelper-globals cache-miss
289 http fetch GET 200 https://registry.npmjs.org/lru-cache 208ms (cache miss)
290 silly packumentCache full:https://registry.npmjs.org/lru-cache set size:undefined disposed:false
291 silly fetch manifest @babel/helper-string-parser@^7.29.7
292 silly packumentCache full:https://registry.npmjs.org/@babel%2fhelper-string-parser cache-miss
293 http fetch GET 200 https://registry.npmjs.org/@jridgewell%2ftrace-mapping 214ms (cache miss)
294 silly packumentCache full:https://registry.npmjs.org/@jridgewell%2ftrace-mapping set size:undefined disposed:false
295 silly fetch manifest @babel/helper-validator-identifier@^7.29.7
296 silly packumentCache full:https://registry.npmjs.org/@babel%2fhelper-validator-identifier cache-miss
297 http fetch GET 200 https://registry.npmjs.org/@babel%2fhelper-validator-identifier 215ms (cache miss)
298 silly packumentCache full:https://registry.npmjs.org/@babel%2fhelper-validator-identifier set size:undefined disposed:false
299 silly fetch manifest @jridgewell/gen-mapping@^0.3.5
300 silly packumentCache full:https://registry.npmjs.org/@jridgewell%2fgen-mapping cache-miss
301 http cache https://registry.npmjs.org/@babel%2fhelper-validator-identifier 3ms (cache hit)
302 silly packumentCache full:https://registry.npmjs.org/@babel%2fhelper-validator-identifier set size:127858 disposed:false
303 silly fetch manifest @jridgewell/trace-mapping@^0.3.24
304 silly packumentCache full:https://registry.npmjs.org/@jridgewell%2ftrace-mapping cache-miss
305 http cache https://registry.npmjs.org/@jridgewell%2fgen-mapping 3ms (cache hit)
306 silly packumentCache full:https://registry.npmjs.org/@jridgewell%2fgen-mapping set size:75941 disposed:false
307 silly fetch manifest ms@^2.1.3
308 silly packumentCache full:https://registry.npmjs.org/ms cache-miss
309 http cache https://registry.npmjs.org/@jridgewell%2ftrace-mapping 2ms (cache hit)
310 silly packumentCache full:https://registry.npmjs.org/@jridgewell%2ftrace-mapping set size:170909 disposed:false
311 http fetch GET 200 https://registry.npmjs.org/@babel%2fcompat-data 223ms (cache miss)
312 silly packumentCache full:https://registry.npmjs.org/@babel%2fcompat-data set size:undefined disposed:false
313 http fetch GET 200 https://registry.npmjs.org/browserslist 283ms (cache miss)
314 silly packumentCache full:https://registry.npmjs.org/browserslist set size:undefined disposed:false
315 http fetch GET 200 https://registry.npmjs.org/@babel%2fhelper-validator-option 196ms (cache miss)
316 silly packumentCache full:https://registry.npmjs.org/@babel%2fhelper-validator-option set size:undefined disposed:false
317 http fetch GET 200 https://registry.npmjs.org/@babel%2fhelper-module-imports 199ms (cache miss)
318 silly packumentCache full:https://registry.npmjs.org/@babel%2fhelper-module-imports set size:undefined disposed:false
319 http fetch GET 200 https://registry.npmjs.org/ms 181ms (cache miss)
320 silly packumentCache full:https://registry.npmjs.org/ms set size:undefined disposed:false
321 http fetch GET 200 https://registry.npmjs.org/@babel%2fhelper-string-parser 190ms (cache miss)
322 silly packumentCache full:https://registry.npmjs.org/@babel%2fhelper-string-parser set size:undefined disposed:false
323 http fetch GET 200 https://registry.npmjs.org/@babel%2fhelper-validator-identifier 213ms (cache miss)
324 silly packumentCache full:https://registry.npmjs.org/@babel%2fhelper-validator-identifier set size:undefined disposed:false
325 silly packumentCache full:https://registry.npmjs.org/@babel%2fhelper-validator-identifier dispose
326 http fetch GET 200 https://registry.npmjs.org/@babel%2fhelper-globals 208ms (cache miss)
327 silly packumentCache full:https://registry.npmjs.org/@babel%2fhelper-globals set size:undefined disposed:false
328 silly placeDep ROOT @babel/helper-validator-identifier@7.29.7 OK for: @babel/code-frame@7.29.7 want: ^7.29.7
329 silly placeDep ROOT js-tokens@4.0.0 OK for: @babel/code-frame@7.29.7 want: ^4.0.0
330 silly placeDep ROOT picocolors@1.1.1 OK for: @babel/code-frame@7.29.7 want: ^1.1.1
331 silly placeDep ROOT @jridgewell/gen-mapping@0.3.13 OK for: @babel/generator@7.29.7 want: ^0.3.12
332 silly placeDep ROOT @jridgewell/trace-mapping@0.3.31 OK for: @babel/generator@7.29.7 want: ^0.3.28
333 silly placeDep ROOT jsesc@3.1.0 OK for: @babel/generator@7.29.7 want: ^3.0.2
334 silly fetch manifest @jridgewell/sourcemap-codec@^1.5.0
335 silly packumentCache full:https://registry.npmjs.org/@jridgewell%2fsourcemap-codec cache-miss
336 silly fetch manifest @jridgewell/resolve-uri@^3.1.0
337 silly packumentCache full:https://registry.npmjs.org/@jridgewell%2fresolve-uri cache-miss
338 silly fetch manifest @jridgewell/sourcemap-codec@^1.4.14
339 silly packumentCache full:https://registry.npmjs.org/@jridgewell%2fsourcemap-codec cache-miss
340 http fetch GET 200 https://registry.npmjs.org/@jridgewell%2fsourcemap-codec 247ms (cache miss)
341 silly packumentCache full:https://registry.npmjs.org/@jridgewell%2fsourcemap-codec set size:undefined disposed:false
342 http fetch GET 200 https://registry.npmjs.org/@jridgewell%2fsourcemap-codec 248ms (cache miss)
343 silly packumentCache full:https://registry.npmjs.org/@jridgewell%2fsourcemap-codec set size:undefined disposed:false
344 http fetch GET 200 https://registry.npmjs.org/@jridgewell%2fresolve-uri 249ms (cache miss)
345 silly packumentCache full:https://registry.npmjs.org/@jridgewell%2fresolve-uri set size:undefined disposed:false
346 silly placeDep ROOT @babel/compat-data@7.29.7 OK for: @babel/helper-compilation-targets@7.29.7 want: ^7.29.7
347 silly placeDep ROOT @babel/helper-validator-option@7.29.7 OK for: @babel/helper-compilation-targets@7.29.7 want: ^7.29.7
348 silly placeDep ROOT browserslist@4.28.2 OK for: @babel/helper-compilation-targets@7.29.7 want: ^4.24.0
349 silly placeDep ROOT lru-cache@5.1.1 OK for: @babel/helper-compilation-targets@7.29.7 want: ^5.1.1
350 silly fetch manifest baseline-browser-mapping@^2.10.12
351 silly packumentCache full:https://registry.npmjs.org/baseline-browser-mapping cache-miss
352 silly fetch manifest caniuse-lite@^1.0.30001782
353 silly packumentCache full:https://registry.npmjs.org/caniuse-lite cache-miss
354 silly fetch manifest electron-to-chromium@^1.5.328
355 silly packumentCache full:https://registry.npmjs.org/electron-to-chromium cache-miss
356 silly fetch manifest node-releases@^2.0.36
357 silly packumentCache full:https://registry.npmjs.org/node-releases cache-miss
358 silly fetch manifest update-browserslist-db@^1.2.3
359 silly packumentCache full:https://registry.npmjs.org/update-browserslist-db cache-miss
360 silly fetch manifest yallist@^3.0.2
361 silly packumentCache full:https://registry.npmjs.org/yallist cache-miss
362 http fetch GET 200 https://registry.npmjs.org/update-browserslist-db 191ms (cache miss)
363 silly packumentCache full:https://registry.npmjs.org/update-browserslist-db set size:undefined disposed:false
364 http fetch GET 200 https://registry.npmjs.org/yallist 193ms (cache miss)
365 silly packumentCache full:https://registry.npmjs.org/yallist set size:undefined disposed:false
366 http fetch GET 200 https://registry.npmjs.org/baseline-browser-mapping 202ms (cache miss)
367 silly packumentCache full:https://registry.npmjs.org/baseline-browser-mapping set size:undefined disposed:false
368 http fetch GET 200 https://registry.npmjs.org/node-releases 206ms (cache miss)
369 silly packumentCache full:https://registry.npmjs.org/node-releases set size:undefined disposed:false
370 http fetch GET 200 https://registry.npmjs.org/caniuse-lite 260ms (cache miss)
371 silly packumentCache full:https://registry.npmjs.org/caniuse-lite set size:undefined disposed:false
372 http fetch GET 200 https://registry.npmjs.org/electron-to-chromium 346ms (cache miss)
373 silly packumentCache full:https://registry.npmjs.org/electron-to-chromium set size:undefined disposed:false
374 silly placeDep ROOT @babel/helper-module-imports@7.29.7 OK for: @babel/helper-module-transforms@7.29.7 want: ^7.29.7
375 silly placeDep ROOT @babel/helper-plugin-utils@7.29.7 OK for: @babel/plugin-transform-react-jsx-self@7.29.7 want: ^7.29.7
376 silly placeDep ROOT @babel/helper-globals@7.29.7 OK for: @babel/traverse@7.29.7 want: ^7.29.7
377 silly placeDep ROOT @babel/helper-string-parser@7.29.7 OK for: @babel/types@7.29.7 want: ^7.29.7
378 silly placeDep ROOT @jridgewell/sourcemap-codec@1.5.5 OK for: @jridgewell/gen-mapping@0.3.13 want: ^1.5.0
379 silly placeDep ROOT @jridgewell/resolve-uri@3.1.2 OK for: @jridgewell/trace-mapping@0.3.31 want: ^3.1.0
380 silly placeDep ROOT @types/babel__generator@7.27.0 OK for: @types/babel__core@7.20.5 want: *
381 silly placeDep ROOT @types/babel__template@7.4.4 OK for: @types/babel__core@7.20.5 want: *
382 silly placeDep ROOT @types/babel__traverse@7.28.0 OK for: @types/babel__core@7.20.5 want: *
383 silly fetch manifest browserslist@>= 4.21.0
384 silly packumentCache full:https://registry.npmjs.org/browserslist cache-miss
385 http cache https://registry.npmjs.org/browserslist 3ms (cache hit)
386 silly packumentCache full:https://registry.npmjs.org/browserslist set size:504681 disposed:false
387 silly placeDep ROOT baseline-browser-mapping@2.10.38 OK for: browserslist@4.28.2 want: ^2.10.12
388 silly placeDep ROOT caniuse-lite@1.0.30001799 OK for: browserslist@4.28.2 want: ^1.0.30001782
389 silly placeDep ROOT electron-to-chromium@1.5.376 OK for: browserslist@4.28.2 want: ^1.5.328
390 silly placeDep ROOT node-releases@2.0.48 OK for: browserslist@4.28.2 want: ^2.0.36
391 silly placeDep ROOT update-browserslist-db@1.2.3 OK for: browserslist@4.28.2 want: ^1.2.3
392 silly fetch manifest escalade@^3.2.0
393 silly packumentCache full:https://registry.npmjs.org/escalade cache-miss
394 http fetch GET 200 https://registry.npmjs.org/escalade 186ms (cache miss)
395 silly packumentCache full:https://registry.npmjs.org/escalade set size:undefined disposed:false
396 silly placeDep ROOT ms@2.1.3 OK for: debug@4.4.3 want: ^2.1.3
397 silly placeDep ROOT yallist@3.1.1 OK for: lru-cache@5.1.1 want: ^3.0.2
398 silly placeDep ROOT scheduler@0.27.0 OK for: react-dom@19.2.0 want: ^0.27.0
399 silly placeDep ROOT escalade@3.2.0 OK for: update-browserslist-db@1.2.3 want: ^3.2.0
400 silly placeDep ROOT esbuild@0.25.12 OK for: vite@6.4.2 want: ^0.25.0
401 silly placeDep ROOT fdir@6.5.0 OK for: vite@6.4.2 want: ^6.4.4
402 silly placeDep ROOT fsevents@2.3.3 OK for: vite@6.4.2 want: ~2.3.3
403 silly placeDep ROOT picomatch@4.0.4 OK for: vite@6.4.2 want: ^4.0.2
404 silly placeDep ROOT postcss@8.5.15 OK for: vite@6.4.2 want: ^8.5.3
405 silly placeDep ROOT rollup@4.62.2 OK for: vite@6.4.2 want: ^4.34.9
406 silly placeDep ROOT tinyglobby@0.2.17 OK for: vite@6.4.2 want: ^0.2.13
407 silly fetch manifest @esbuild/aix-ppc64@0.25.12
408 silly packumentCache full:https://registry.npmjs.org/@esbuild%2faix-ppc64 cache-miss
409 silly fetch manifest @esbuild/linux-arm@0.25.12
410 silly packumentCache full:https://registry.npmjs.org/@esbuild%2flinux-arm cache-miss
411 silly fetch manifest @esbuild/linux-x64@0.25.12
412 silly packumentCache full:https://registry.npmjs.org/@esbuild%2flinux-x64 cache-miss
413 silly fetch manifest @esbuild/sunos-x64@0.25.12
414 silly packumentCache full:https://registry.npmjs.org/@esbuild%2fsunos-x64 cache-miss
415 silly fetch manifest @esbuild/win32-x64@0.25.12
416 silly packumentCache full:https://registry.npmjs.org/@esbuild%2fwin32-x64 cache-miss
417 silly fetch manifest @esbuild/darwin-x64@0.25.12
418 silly packumentCache full:https://registry.npmjs.org/@esbuild%2fdarwin-x64 cache-miss
419 silly fetch manifest @esbuild/linux-ia32@0.25.12
420 silly packumentCache full:https://registry.npmjs.org/@esbuild%2flinux-ia32 cache-miss
421 silly fetch manifest @esbuild/netbsd-x64@0.25.12
422 silly packumentCache full:https://registry.npmjs.org/@esbuild%2fnetbsd-x64 cache-miss
423 silly fetch manifest @esbuild/win32-ia32@0.25.12
424 silly packumentCache full:https://registry.npmjs.org/@esbuild%2fwin32-ia32 cache-miss
425 http fetch GET 200 https://registry.npmjs.org/@esbuild%2faix-ppc64 208ms (cache miss)
426 silly packumentCache full:https://registry.npmjs.org/@esbuild%2faix-ppc64 set size:undefined disposed:false
427 silly fetch manifest @esbuild/android-arm@0.25.12
428 silly packumentCache full:https://registry.npmjs.org/@esbuild%2fandroid-arm cache-miss
429 http fetch GET 200 https://registry.npmjs.org/@esbuild%2flinux-ia32 212ms (cache miss)
430 silly packumentCache full:https://registry.npmjs.org/@esbuild%2flinux-ia32 set size:undefined disposed:false
431 silly fetch manifest @esbuild/android-x64@0.25.12
432 silly packumentCache full:https://registry.npmjs.org/@esbuild%2fandroid-x64 cache-miss
433 http fetch GET 200 https://registry.npmjs.org/@esbuild%2fnetbsd-x64 216ms (cache miss)
434 silly packumentCache full:https://registry.npmjs.org/@esbuild%2fnetbsd-x64 set size:undefined disposed:false
435 silly fetch manifest @esbuild/freebsd-x64@0.25.12
436 silly packumentCache full:https://registry.npmjs.org/@esbuild%2ffreebsd-x64 cache-miss
437 http fetch GET 200 https://registry.npmjs.org/@esbuild%2fwin32-x64 219ms (cache miss)
438 silly packumentCache full:https://registry.npmjs.org/@esbuild%2fwin32-x64 set size:undefined disposed:false
439 silly fetch manifest @esbuild/linux-arm64@0.25.12
440 silly packumentCache full:https://registry.npmjs.org/@esbuild%2flinux-arm64 cache-miss
441 http fetch GET 200 https://registry.npmjs.org/@esbuild%2fdarwin-x64 220ms (cache miss)
442 silly packumentCache full:https://registry.npmjs.org/@esbuild%2fdarwin-x64 set size:undefined disposed:false
443 silly fetch manifest @esbuild/linux-ppc64@0.25.12
444 silly packumentCache full:https://registry.npmjs.org/@esbuild%2flinux-ppc64 cache-miss
445 http fetch GET 200 https://registry.npmjs.org/@esbuild%2fsunos-x64 221ms (cache miss)
446 silly packumentCache full:https://registry.npmjs.org/@esbuild%2fsunos-x64 set size:undefined disposed:false
447 silly fetch manifest @esbuild/linux-s390x@0.25.12
448 silly packumentCache full:https://registry.npmjs.org/@esbuild%2flinux-s390x cache-miss
449 http fetch GET 200 https://registry.npmjs.org/@esbuild%2flinux-arm 222ms (cache miss)
450 silly packumentCache full:https://registry.npmjs.org/@esbuild%2flinux-arm set size:undefined disposed:false
451 silly fetch manifest @esbuild/openbsd-x64@0.25.12
452 silly packumentCache full:https://registry.npmjs.org/@esbuild%2fopenbsd-x64 cache-miss
453 http fetch GET 200 https://registry.npmjs.org/@esbuild%2fwin32-ia32 226ms (cache miss)
454 silly packumentCache full:https://registry.npmjs.org/@esbuild%2fwin32-ia32 set size:undefined disposed:false
455 silly fetch manifest @esbuild/win32-arm64@0.25.12
456 silly packumentCache full:https://registry.npmjs.org/@esbuild%2fwin32-arm64 cache-miss
457 http fetch GET 200 https://registry.npmjs.org/@esbuild%2flinux-x64 271ms (cache miss)
458 silly packumentCache full:https://registry.npmjs.org/@esbuild%2flinux-x64 set size:undefined disposed:false
459 silly fetch manifest @esbuild/darwin-arm64@0.25.12
460 silly packumentCache full:https://registry.npmjs.org/@esbuild%2fdarwin-arm64 cache-miss
461 http fetch GET 200 https://registry.npmjs.org/@esbuild%2flinux-arm64 266ms (cache miss)
462 silly packumentCache full:https://registry.npmjs.org/@esbuild%2flinux-arm64 set size:undefined disposed:false
463 silly fetch manifest @esbuild/netbsd-arm64@0.25.12
464 silly packumentCache full:https://registry.npmjs.org/@esbuild%2fnetbsd-arm64 cache-miss
465 http fetch GET 200 https://registry.npmjs.org/@esbuild%2flinux-ppc64 268ms (cache miss)
466 silly packumentCache full:https://registry.npmjs.org/@esbuild%2flinux-ppc64 set size:undefined disposed:false
467 silly fetch manifest @esbuild/android-arm64@0.25.12
468 silly packumentCache full:https://registry.npmjs.org/@esbuild%2fandroid-arm64 cache-miss
469 http fetch GET 200 https://registry.npmjs.org/@esbuild%2fandroid-arm 279ms (cache miss)
470 silly packumentCache full:https://registry.npmjs.org/@esbuild%2fandroid-arm set size:undefined disposed:false
471 silly fetch manifest @esbuild/freebsd-arm64@0.25.12
472 silly packumentCache full:https://registry.npmjs.org/@esbuild%2ffreebsd-arm64 cache-miss
473 http fetch GET 200 https://registry.npmjs.org/@esbuild%2fwin32-arm64 264ms (cache miss)
474 silly packumentCache full:https://registry.npmjs.org/@esbuild%2fwin32-arm64 set size:undefined disposed:false
475 silly fetch manifest @esbuild/linux-loong64@0.25.12
476 silly packumentCache full:https://registry.npmjs.org/@esbuild%2flinux-loong64 cache-miss
477 http fetch GET 200 https://registry.npmjs.org/@esbuild%2fandroid-x64 278ms (cache miss)
478 silly packumentCache full:https://registry.npmjs.org/@esbuild%2fandroid-x64 set size:undefined disposed:false
479 silly fetch manifest @esbuild/linux-riscv64@0.25.12
480 silly packumentCache full:https://registry.npmjs.org/@esbuild%2flinux-riscv64 cache-miss
481 http fetch GET 200 https://registry.npmjs.org/@esbuild%2ffreebsd-x64 275ms (cache miss)
482 silly packumentCache full:https://registry.npmjs.org/@esbuild%2ffreebsd-x64 set size:undefined disposed:false
483 silly fetch manifest @esbuild/openbsd-arm64@0.25.12
484 silly packumentCache full:https://registry.npmjs.org/@esbuild%2fopenbsd-arm64 cache-miss
485 http fetch GET 200 https://registry.npmjs.org/@esbuild%2flinux-s390x 272ms (cache miss)
486 silly packumentCache full:https://registry.npmjs.org/@esbuild%2flinux-s390x set size:undefined disposed:false
487 silly fetch manifest @esbuild/linux-mips64el@0.25.12
488 silly packumentCache full:https://registry.npmjs.org/@esbuild%2flinux-mips64el cache-miss
489 http fetch GET 200 https://registry.npmjs.org/@esbuild%2fopenbsd-x64 272ms (cache miss)
490 silly packumentCache full:https://registry.npmjs.org/@esbuild%2fopenbsd-x64 set size:undefined disposed:false
491 silly fetch manifest @esbuild/openharmony-arm64@0.25.12
492 silly packumentCache full:https://registry.npmjs.org/@esbuild%2fopenharmony-arm64 cache-miss
493 http fetch GET 200 https://registry.npmjs.org/@esbuild%2fdarwin-arm64 237ms (cache miss)
494 silly packumentCache full:https://registry.npmjs.org/@esbuild%2fdarwin-arm64 set size:undefined disposed:false
495 silly fetch manifest nanoid@^3.3.12
496 silly packumentCache full:https://registry.npmjs.org/nanoid cache-miss
497 http fetch GET 200 https://registry.npmjs.org/@esbuild%2fnetbsd-arm64 193ms (cache miss)
498 silly packumentCache full:https://registry.npmjs.org/@esbuild%2fnetbsd-arm64 set size:undefined disposed:false
499 silly fetch manifest source-map-js@^1.2.1
500 silly packumentCache full:https://registry.npmjs.org/source-map-js cache-miss
501 http fetch GET 200 https://registry.npmjs.org/@esbuild%2fopenbsd-arm64 193ms (cache miss)
502 silly packumentCache full:https://registry.npmjs.org/@esbuild%2fopenbsd-arm64 set size:undefined disposed:false
503 silly fetch manifest @types/estree@1.0.9
504 silly packumentCache full:https://registry.npmjs.org/@types%2festree cache-miss
505 http fetch GET 200 https://registry.npmjs.org/@esbuild%2flinux-loong64 211ms (cache miss)
506 silly packumentCache full:https://registry.npmjs.org/@esbuild%2flinux-loong64 set size:undefined disposed:false
507 silly fetch manifest @rollup/rollup-darwin-arm64@4.62.2
508 silly packumentCache full:https://registry.npmjs.org/@rollup%2frollup-darwin-arm64 cache-miss
509 http fetch GET 200 https://registry.npmjs.org/@esbuild%2fopenharmony-arm64 212ms (cache miss)
510 silly packumentCache full:https://registry.npmjs.org/@esbuild%2fopenharmony-arm64 set size:undefined disposed:false
511 silly fetch manifest @rollup/rollup-android-arm64@4.62.2
512 silly packumentCache full:https://registry.npmjs.org/@rollup%2frollup-android-arm64 cache-miss
513 http fetch GET 200 https://registry.npmjs.org/@esbuild%2fandroid-arm64 223ms (cache miss)
514 silly packumentCache full:https://registry.npmjs.org/@esbuild%2fandroid-arm64 set size:undefined disposed:false
515 silly fetch manifest @rollup/rollup-win32-arm64-msvc@4.62.2
516 silly packumentCache full:https://registry.npmjs.org/@rollup%2frollup-win32-arm64-msvc cache-miss
517 http fetch GET 200 https://registry.npmjs.org/@esbuild%2flinux-mips64el 218ms (cache miss)
518 silly packumentCache full:https://registry.npmjs.org/@esbuild%2flinux-mips64el set size:undefined disposed:false
519 silly fetch manifest @rollup/rollup-freebsd-arm64@4.62.2
520 silly packumentCache full:https://registry.npmjs.org/@rollup%2frollup-freebsd-arm64 cache-miss
521 http fetch GET 200 https://registry.npmjs.org/@esbuild%2flinux-riscv64 223ms (cache miss)
522 silly packumentCache full:https://registry.npmjs.org/@esbuild%2flinux-riscv64 set size:undefined disposed:false
523 silly fetch manifest @rollup/rollup-linux-arm64-gnu@4.62.2
524 silly packumentCache full:https://registry.npmjs.org/@rollup%2frollup-linux-arm64-gnu cache-miss
525 http fetch GET 200 https://registry.npmjs.org/@esbuild%2ffreebsd-arm64 230ms (cache miss)
526 silly packumentCache full:https://registry.npmjs.org/@esbuild%2ffreebsd-arm64 set size:undefined disposed:false
527 silly fetch manifest @rollup/rollup-linux-arm64-musl@4.62.2
528 silly packumentCache full:https://registry.npmjs.org/@rollup%2frollup-linux-arm64-musl cache-miss
529 http fetch GET 200 https://registry.npmjs.org/nanoid 244ms (cache miss)
530 silly packumentCache full:https://registry.npmjs.org/nanoid set size:undefined disposed:false
531 silly fetch manifest @rollup/rollup-android-arm-eabi@4.62.2
532 silly packumentCache full:https://registry.npmjs.org/@rollup%2frollup-android-arm-eabi cache-miss
533 http fetch GET 200 https://registry.npmjs.org/source-map-js 174ms (cache miss)
534 silly packumentCache full:https://registry.npmjs.org/source-map-js set size:undefined disposed:false
535 silly fetch manifest @rollup/rollup-linux-arm-gnueabihf@4.62.2
536 silly packumentCache full:https://registry.npmjs.org/@rollup%2frollup-linux-arm-gnueabihf cache-miss
537 http fetch GET 200 https://registry.npmjs.org/@types%2festree 187ms (cache miss)
538 silly packumentCache full:https://registry.npmjs.org/@types%2festree set size:undefined disposed:false
539 silly fetch manifest @rollup/rollup-linux-arm-musleabihf@4.62.2
540 silly packumentCache full:https://registry.npmjs.org/@rollup%2frollup-linux-arm-musleabihf cache-miss
541 http fetch GET 200 https://registry.npmjs.org/@rollup%2frollup-darwin-arm64 211ms (cache miss)
542 silly packumentCache full:https://registry.npmjs.org/@rollup%2frollup-darwin-arm64 set size:undefined disposed:false
543 silly fetch manifest @rollup/rollup-win32-ia32-msvc@4.62.2
544 silly packumentCache full:https://registry.npmjs.org/@rollup%2frollup-win32-ia32-msvc cache-miss
545 http fetch GET 200 https://registry.npmjs.org/@rollup%2frollup-freebsd-arm64 292ms (cache miss)
546 silly packumentCache full:https://registry.npmjs.org/@rollup%2frollup-freebsd-arm64 set size:undefined disposed:false
547 silly fetch manifest @rollup/rollup-linux-loong64-gnu@4.62.2
548 silly packumentCache full:https://registry.npmjs.org/@rollup%2frollup-linux-loong64-gnu cache-miss
549 http fetch GET 200 https://registry.npmjs.org/@rollup%2frollup-linux-arm64-musl 287ms (cache miss)
550 silly packumentCache full:https://registry.npmjs.org/@rollup%2frollup-linux-arm64-musl set size:undefined disposed:false
551 silly fetch manifest @rollup/rollup-linux-loong64-musl@4.62.2
552 silly packumentCache full:https://registry.npmjs.org/@rollup%2frollup-linux-loong64-musl cache-miss
553 http fetch GET 200 https://registry.npmjs.org/@rollup%2frollup-android-arm64 302ms (cache miss)
554 silly packumentCache full:https://registry.npmjs.org/@rollup%2frollup-android-arm64 set size:undefined disposed:false
555 silly fetch manifest @rollup/rollup-linux-riscv64-gnu@4.62.2
556 silly packumentCache full:https://registry.npmjs.org/@rollup%2frollup-linux-riscv64-gnu cache-miss
557 http fetch GET 200 https://registry.npmjs.org/@rollup%2frollup-win32-arm64-msvc 299ms (cache miss)
558 silly packumentCache full:https://registry.npmjs.org/@rollup%2frollup-win32-arm64-msvc set size:undefined disposed:false
559 silly fetch manifest @rollup/rollup-linux-riscv64-musl@4.62.2
560 silly packumentCache full:https://registry.npmjs.org/@rollup%2frollup-linux-riscv64-musl cache-miss
561 http fetch GET 200 https://registry.npmjs.org/@rollup%2frollup-android-arm-eabi 256ms (cache miss)
562 silly packumentCache full:https://registry.npmjs.org/@rollup%2frollup-android-arm-eabi set size:undefined disposed:false
563 silly fetch manifest @rollup/rollup-linux-ppc64-gnu@4.62.2
564 silly packumentCache full:https://registry.npmjs.org/@rollup%2frollup-linux-ppc64-gnu cache-miss
565 http fetch GET 200 https://registry.npmjs.org/@rollup%2frollup-linux-arm64-gnu 300ms (cache miss)
566 silly packumentCache full:https://registry.npmjs.org/@rollup%2frollup-linux-arm64-gnu set size:undefined disposed:false
567 silly fetch manifest @rollup/rollup-linux-ppc64-musl@4.62.2
568 silly packumentCache full:https://registry.npmjs.org/@rollup%2frollup-linux-ppc64-musl cache-miss
569 http fetch GET 200 https://registry.npmjs.org/@rollup%2frollup-linux-arm-gnueabihf 199ms (cache miss)
570 silly packumentCache full:https://registry.npmjs.org/@rollup%2frollup-linux-arm-gnueabihf set size:undefined disposed:false
571 silly fetch manifest @rollup/rollup-linux-s390x-gnu@4.62.2
572 silly packumentCache full:https://registry.npmjs.org/@rollup%2frollup-linux-s390x-gnu cache-miss
573 http fetch GET 200 https://registry.npmjs.org/@rollup%2frollup-win32-ia32-msvc 275ms (cache miss)
574 silly packumentCache full:https://registry.npmjs.org/@rollup%2frollup-win32-ia32-msvc set size:undefined disposed:false
575 silly fetch manifest @rollup/rollup-darwin-x64@4.62.2
576 silly packumentCache full:https://registry.npmjs.org/@rollup%2frollup-darwin-x64 cache-miss
577 http fetch GET 200 https://registry.npmjs.org/@rollup%2frollup-linux-loong64-musl 196ms (cache miss)
578 silly packumentCache full:https://registry.npmjs.org/@rollup%2frollup-linux-loong64-musl set size:undefined disposed:false
579 silly fetch manifest @rollup/rollup-win32-x64-gnu@4.62.2
580 silly packumentCache full:https://registry.npmjs.org/@rollup%2frollup-win32-x64-gnu cache-miss
581 http fetch GET 200 https://registry.npmjs.org/@rollup%2frollup-linux-loong64-gnu 204ms (cache miss)
582 silly packumentCache full:https://registry.npmjs.org/@rollup%2frollup-linux-loong64-gnu set size:undefined disposed:false
583 silly fetch manifest @rollup/rollup-win32-x64-msvc@4.62.2
584 silly packumentCache full:https://registry.npmjs.org/@rollup%2frollup-win32-x64-msvc cache-miss
585 http fetch GET 200 https://registry.npmjs.org/@rollup%2frollup-linux-riscv64-musl 206ms (cache miss)
586 silly packumentCache full:https://registry.npmjs.org/@rollup%2frollup-linux-riscv64-musl set size:undefined disposed:false
587 silly fetch manifest @rollup/rollup-freebsd-x64@4.62.2
588 silly packumentCache full:https://registry.npmjs.org/@rollup%2frollup-freebsd-x64 cache-miss
589 http fetch GET 200 https://registry.npmjs.org/@rollup%2frollup-linux-ppc64-musl 203ms (cache miss)
590 silly packumentCache full:https://registry.npmjs.org/@rollup%2frollup-linux-ppc64-musl set size:undefined disposed:false
591 silly fetch manifest @rollup/rollup-linux-x64-gnu@4.62.2
592 silly packumentCache full:https://registry.npmjs.org/@rollup%2frollup-linux-x64-gnu cache-miss
593 http fetch GET 200 https://registry.npmjs.org/@rollup%2frollup-linux-ppc64-gnu 209ms (cache miss)
594 silly packumentCache full:https://registry.npmjs.org/@rollup%2frollup-linux-ppc64-gnu set size:undefined disposed:false
595 silly fetch manifest @rollup/rollup-linux-x64-musl@4.62.2
596 silly packumentCache full:https://registry.npmjs.org/@rollup%2frollup-linux-x64-musl cache-miss
597 http fetch GET 200 https://registry.npmjs.org/@rollup%2frollup-linux-riscv64-gnu 221ms (cache miss)
598 silly packumentCache full:https://registry.npmjs.org/@rollup%2frollup-linux-riscv64-gnu set size:undefined disposed:false
599 silly fetch manifest @rollup/rollup-openbsd-x64@4.62.2
600 silly packumentCache full:https://registry.npmjs.org/@rollup%2frollup-openbsd-x64 cache-miss
601 http fetch GET 200 https://registry.npmjs.org/@rollup%2frollup-linux-s390x-gnu 204ms (cache miss)
602 silly packumentCache full:https://registry.npmjs.org/@rollup%2frollup-linux-s390x-gnu set size:undefined disposed:false
603 silly fetch manifest @rollup/rollup-openharmony-arm64@4.62.2
604 silly packumentCache full:https://registry.npmjs.org/@rollup%2frollup-openharmony-arm64 cache-miss
605 http fetch GET 200 https://registry.npmjs.org/@rollup%2frollup-darwin-x64 205ms (cache miss)
606 silly packumentCache full:https://registry.npmjs.org/@rollup%2frollup-darwin-x64 set size:undefined disposed:false
607 http fetch GET 200 https://registry.npmjs.org/@rollup%2frollup-win32-x64-gnu 207ms (cache miss)
608 silly packumentCache full:https://registry.npmjs.org/@rollup%2frollup-win32-x64-gnu set size:undefined disposed:false
609 http fetch GET 200 https://registry.npmjs.org/@rollup%2frollup-openbsd-x64 195ms (cache miss)
610 silly packumentCache full:https://registry.npmjs.org/@rollup%2frollup-openbsd-x64 set size:undefined disposed:false
611 http fetch GET 200 https://registry.npmjs.org/@rollup%2frollup-freebsd-x64 222ms (cache miss)
612 silly packumentCache full:https://registry.npmjs.org/@rollup%2frollup-freebsd-x64 set size:undefined disposed:false
613 http fetch GET 200 https://registry.npmjs.org/@rollup%2frollup-win32-x64-msvc 237ms (cache miss)
614 silly packumentCache full:https://registry.npmjs.org/@rollup%2frollup-win32-x64-msvc set size:undefined disposed:false
615 http fetch GET 200 https://registry.npmjs.org/@rollup%2frollup-openharmony-arm64 258ms (cache miss)
616 silly packumentCache full:https://registry.npmjs.org/@rollup%2frollup-openharmony-arm64 set size:undefined disposed:false
617 http fetch GET 200 https://registry.npmjs.org/@rollup%2frollup-linux-x64-gnu 304ms (cache miss)
618 silly packumentCache full:https://registry.npmjs.org/@rollup%2frollup-linux-x64-gnu set size:undefined disposed:false
619 http fetch GET 200 https://registry.npmjs.org/@rollup%2frollup-linux-x64-musl 301ms (cache miss)
620 silly packumentCache full:https://registry.npmjs.org/@rollup%2frollup-linux-x64-musl set size:undefined disposed:false
621 http fetch GET 200 https://registry.npmjs.org/@rollup%2frollup-linux-arm-musleabihf 764ms (cache miss)
622 silly packumentCache full:https://registry.npmjs.org/@rollup%2frollup-linux-arm-musleabihf set size:undefined disposed:false
623 silly placeDep ROOT @esbuild/aix-ppc64@0.25.12 OK for: esbuild@0.25.12 want: 0.25.12
624 silly placeDep ROOT @esbuild/android-arm@0.25.12 OK for: esbuild@0.25.12 want: 0.25.12
625 silly placeDep ROOT @esbuild/android-arm64@0.25.12 OK for: esbuild@0.25.12 want: 0.25.12
626 silly placeDep ROOT @esbuild/android-x64@0.25.12 OK for: esbuild@0.25.12 want: 0.25.12
627 silly placeDep ROOT @esbuild/darwin-arm64@0.25.12 OK for: esbuild@0.25.12 want: 0.25.12
628 silly placeDep ROOT @esbuild/darwin-x64@0.25.12 OK for: esbuild@0.25.12 want: 0.25.12
629 silly placeDep ROOT @esbuild/freebsd-arm64@0.25.12 OK for: esbuild@0.25.12 want: 0.25.12
630 silly placeDep ROOT @esbuild/freebsd-x64@0.25.12 OK for: esbuild@0.25.12 want: 0.25.12
631 silly placeDep ROOT @esbuild/linux-arm@0.25.12 OK for: esbuild@0.25.12 want: 0.25.12
632 silly placeDep ROOT @esbuild/linux-arm64@0.25.12 OK for: esbuild@0.25.12 want: 0.25.12
633 silly placeDep ROOT @esbuild/linux-ia32@0.25.12 OK for: esbuild@0.25.12 want: 0.25.12
634 silly placeDep ROOT @esbuild/linux-loong64@0.25.12 OK for: esbuild@0.25.12 want: 0.25.12
635 silly placeDep ROOT @esbuild/linux-mips64el@0.25.12 OK for: esbuild@0.25.12 want: 0.25.12
636 silly placeDep ROOT @esbuild/linux-ppc64@0.25.12 OK for: esbuild@0.25.12 want: 0.25.12
637 silly placeDep ROOT @esbuild/linux-riscv64@0.25.12 OK for: esbuild@0.25.12 want: 0.25.12
638 silly placeDep ROOT @esbuild/linux-s390x@0.25.12 OK for: esbuild@0.25.12 want: 0.25.12
639 silly placeDep ROOT @esbuild/linux-x64@0.25.12 OK for: esbuild@0.25.12 want: 0.25.12
640 silly placeDep ROOT @esbuild/netbsd-arm64@0.25.12 OK for: esbuild@0.25.12 want: 0.25.12
641 silly placeDep ROOT @esbuild/netbsd-x64@0.25.12 OK for: esbuild@0.25.12 want: 0.25.12
642 silly placeDep ROOT @esbuild/openbsd-arm64@0.25.12 OK for: esbuild@0.25.12 want: 0.25.12
643 silly placeDep ROOT @esbuild/openbsd-x64@0.25.12 OK for: esbuild@0.25.12 want: 0.25.12
644 silly placeDep ROOT @esbuild/openharmony-arm64@0.25.12 OK for: esbuild@0.25.12 want: 0.25.12
645 silly placeDep ROOT @esbuild/sunos-x64@0.25.12 OK for: esbuild@0.25.12 want: 0.25.12
646 silly placeDep ROOT @esbuild/win32-arm64@0.25.12 OK for: esbuild@0.25.12 want: 0.25.12
647 silly placeDep ROOT @esbuild/win32-ia32@0.25.12 OK for: esbuild@0.25.12 want: 0.25.12
648 silly placeDep ROOT @esbuild/win32-x64@0.25.12 OK for: esbuild@0.25.12 want: 0.25.12
649 silly placeDep ROOT nanoid@3.3.13 OK for: postcss@8.5.15 want: ^3.3.12
650 silly placeDep ROOT source-map-js@1.2.1 OK for: postcss@8.5.15 want: ^1.2.1
651 silly placeDep ROOT @rollup/rollup-android-arm-eabi@4.62.2 OK for: rollup@4.62.2 want: 4.62.2
652 silly placeDep ROOT @rollup/rollup-android-arm64@4.62.2 OK for: rollup@4.62.2 want: 4.62.2
653 silly placeDep ROOT @rollup/rollup-darwin-arm64@4.62.2 OK for: rollup@4.62.2 want: 4.62.2
654 silly placeDep ROOT @rollup/rollup-darwin-x64@4.62.2 OK for: rollup@4.62.2 want: 4.62.2
655 silly placeDep ROOT @rollup/rollup-freebsd-arm64@4.62.2 OK for: rollup@4.62.2 want: 4.62.2
656 silly placeDep ROOT @rollup/rollup-freebsd-x64@4.62.2 OK for: rollup@4.62.2 want: 4.62.2
657 silly placeDep ROOT @rollup/rollup-linux-arm-gnueabihf@4.62.2 OK for: rollup@4.62.2 want: 4.62.2
658 silly placeDep ROOT @rollup/rollup-linux-arm-musleabihf@4.62.2 OK for: rollup@4.62.2 want: 4.62.2
659 silly placeDep ROOT @rollup/rollup-linux-arm64-gnu@4.62.2 OK for: rollup@4.62.2 want: 4.62.2
660 silly placeDep ROOT @rollup/rollup-linux-arm64-musl@4.62.2 OK for: rollup@4.62.2 want: 4.62.2
661 silly placeDep ROOT @rollup/rollup-linux-loong64-gnu@4.62.2 OK for: rollup@4.62.2 want: 4.62.2
662 silly placeDep ROOT @rollup/rollup-linux-loong64-musl@4.62.2 OK for: rollup@4.62.2 want: 4.62.2
663 silly placeDep ROOT @rollup/rollup-linux-ppc64-gnu@4.62.2 OK for: rollup@4.62.2 want: 4.62.2
664 silly placeDep ROOT @rollup/rollup-linux-ppc64-musl@4.62.2 OK for: rollup@4.62.2 want: 4.62.2
665 silly placeDep ROOT @rollup/rollup-linux-riscv64-gnu@4.62.2 OK for: rollup@4.62.2 want: 4.62.2
666 silly placeDep ROOT @rollup/rollup-linux-riscv64-musl@4.62.2 OK for: rollup@4.62.2 want: 4.62.2
667 silly placeDep ROOT @rollup/rollup-linux-s390x-gnu@4.62.2 OK for: rollup@4.62.2 want: 4.62.2
668 silly placeDep ROOT @rollup/rollup-linux-x64-gnu@4.62.2 OK for: rollup@4.62.2 want: 4.62.2
669 silly placeDep ROOT @rollup/rollup-linux-x64-musl@4.62.2 OK for: rollup@4.62.2 want: 4.62.2
670 silly placeDep ROOT @rollup/rollup-openbsd-x64@4.62.2 OK for: rollup@4.62.2 want: 4.62.2
671 silly placeDep ROOT @rollup/rollup-openharmony-arm64@4.62.2 OK for: rollup@4.62.2 want: 4.62.2
672 silly placeDep ROOT @rollup/rollup-win32-arm64-msvc@4.62.2 OK for: rollup@4.62.2 want: 4.62.2
673 silly placeDep ROOT @rollup/rollup-win32-ia32-msvc@4.62.2 OK for: rollup@4.62.2 want: 4.62.2
674 silly placeDep ROOT @rollup/rollup-win32-x64-gnu@4.62.2 OK for: rollup@4.62.2 want: 4.62.2
675 silly placeDep ROOT @rollup/rollup-win32-x64-msvc@4.62.2 OK for: rollup@4.62.2 want: 4.62.2
676 silly placeDep ROOT @types/estree@1.0.9 OK for: rollup@4.62.2 want: 1.0.9
677 silly reify moves {}
678 http cache @types/estree@https://registry.npmjs.org/@types/estree/-/estree-1.0.9.tgz 0ms (cache hit)
679 http cache source-map-js@https://registry.npmjs.org/source-map-js/-/source-map-js-1.2.1.tgz 0ms (cache hit)
680 http cache tinyglobby@https://registry.npmjs.org/tinyglobby/-/tinyglobby-0.2.17.tgz 0ms (cache hit)
681 http cache @esbuild/darwin-arm64@https://registry.npmjs.org/@esbuild/darwin-arm64/-/darwin-arm64-0.25.12.tgz 0ms (cache hit)
682 http cache postcss@https://registry.npmjs.org/postcss/-/postcss-8.5.15.tgz 0ms (cache hit)
683 http cache nanoid@https://registry.npmjs.org/nanoid/-/nanoid-3.3.13.tgz 0ms (cache hit)
684 http cache rollup@https://registry.npmjs.org/rollup/-/rollup-4.62.2.tgz 0ms (cache hit)
685 http cache fsevents@https://registry.npmjs.org/fsevents/-/fsevents-2.3.3.tgz 0ms (cache hit)
686 http cache @rollup/rollup-darwin-arm64@https://registry.npmjs.org/@rollup/rollup-darwin-arm64/-/rollup-darwin-arm64-4.62.2.tgz 0ms (cache hit)
687 http cache fdir@https://registry.npmjs.org/fdir/-/fdir-6.5.0.tgz 0ms (cache hit)
688 http cache esbuild@https://registry.npmjs.org/esbuild/-/esbuild-0.25.12.tgz 0ms (cache hit)
689 http cache scheduler@https://registry.npmjs.org/scheduler/-/scheduler-0.27.0.tgz 0ms (cache hit)
690 http cache escalade@https://registry.npmjs.org/escalade/-/escalade-3.2.0.tgz 0ms (cache hit)
691 http cache yallist@https://registry.npmjs.org/yallist/-/yallist-3.1.1.tgz 0ms (cache hit)
692 http cache picomatch@https://registry.npmjs.org/picomatch/-/picomatch-4.0.4.tgz 0ms (cache hit)
693 http cache update-browserslist-db@https://registry.npmjs.org/update-browserslist-db/-/update-browserslist-db-1.2.3.tgz 0ms (cache hit)
694 http cache ms@https://registry.npmjs.org/ms/-/ms-2.1.3.tgz 0ms (cache hit)
695 http cache caniuse-lite@https://registry.npmjs.org/caniuse-lite/-/caniuse-lite-1.0.30001799.tgz 0ms (cache hit)
696 http cache node-releases@https://registry.npmjs.org/node-releases/-/node-releases-2.0.48.tgz 0ms (cache hit)
697 http cache baseline-browser-mapping@https://registry.npmjs.org/baseline-browser-mapping/-/baseline-browser-mapping-2.10.38.tgz 0ms (cache hit)
698 http cache electron-to-chromium@https://registry.npmjs.org/electron-to-chromium/-/electron-to-chromium-1.5.376.tgz 0ms (cache hit)
699 http cache @types/babel__template@https://registry.npmjs.org/@types/babel__template/-/babel__template-7.4.4.tgz 0ms (cache hit)
700 http cache @types/babel__generator@https://registry.npmjs.org/@types/babel__generator/-/babel__generator-7.27.0.tgz 0ms (cache hit)
701 http cache @types/babel__traverse@https://registry.npmjs.org/@types/babel__traverse/-/babel__traverse-7.28.0.tgz 0ms (cache hit)
702 http cache @babel/helper-string-parser@https://registry.npmjs.org/@babel/helper-string-parser/-/helper-string-parser-7.29.7.tgz 0ms (cache hit)
703 http cache @babel/helper-globals@https://registry.npmjs.org/@babel/helper-globals/-/helper-globals-7.29.7.tgz 0ms (cache hit)
704 http cache @jridgewell/resolve-uri@https://registry.npmjs.org/@jridgewell/resolve-uri/-/resolve-uri-3.1.2.tgz 0ms (cache hit)
705 http cache @jridgewell/sourcemap-codec@https://registry.npmjs.org/@jridgewell/sourcemap-codec/-/sourcemap-codec-1.5.5.tgz 0ms (cache hit)
706 http cache @babel/helper-plugin-utils@https://registry.npmjs.org/@babel/helper-plugin-utils/-/helper-plugin-utils-7.29.7.tgz 0ms (cache hit)
707 http cache @babel/helper-module-imports@https://registry.npmjs.org/@babel/helper-module-imports/-/helper-module-imports-7.29.7.tgz 0ms (cache hit)
708 http cache lru-cache@https://registry.npmjs.org/lru-cache/-/lru-cache-5.1.1.tgz 0ms (cache hit)
709 http cache @babel/helper-validator-option@https://registry.npmjs.org/@babel/helper-validator-option/-/helper-validator-option-7.29.7.tgz 0ms (cache hit)
710 http cache @jridgewell/trace-mapping@https://registry.npmjs.org/@jridgewell/trace-mapping/-/trace-mapping-0.3.31.tgz 0ms (cache hit)
711 http cache @babel/compat-data@https://registry.npmjs.org/@babel/compat-data/-/compat-data-7.29.7.tgz 0ms (cache hit)
712 http cache jsesc@https://registry.npmjs.org/jsesc/-/jsesc-3.1.0.tgz 0ms (cache hit)
713 http cache @jridgewell/gen-mapping@https://registry.npmjs.org/@jridgewell/gen-mapping/-/gen-mapping-0.3.13.tgz 0ms (cache hit)
714 http cache picocolors@https://registry.npmjs.org/picocolors/-/picocolors-1.1.1.tgz 0ms (cache hit)
715 http cache browserslist@https://registry.npmjs.org/browserslist/-/browserslist-4.28.2.tgz 0ms (cache hit)
716 http cache @babel/helper-validator-identifier@https://registry.npmjs.org/@babel/helper-validator-identifier/-/helper-validator-identifier-7.29.7.tgz 0ms (cache hit)
717 http cache json5@https://registry.npmjs.org/json5/-/json5-2.2.3.tgz 0ms (cache hit)
718 http cache semver@https://registry.npmjs.org/semver/-/semver-6.3.1.tgz 0ms (cache hit)
719 http cache js-tokens@https://registry.npmjs.org/js-tokens/-/js-tokens-4.0.0.tgz 0ms (cache hit)
720 http cache gensync@https://registry.npmjs.org/gensync/-/gensync-1.0.0-beta.2.tgz 0ms (cache hit)
721 http cache debug@https://registry.npmjs.org/debug/-/debug-4.4.3.tgz 0ms (cache hit)
722 http cache convert-source-map@https://registry.npmjs.org/convert-source-map/-/convert-source-map-2.0.0.tgz 0ms (cache hit)
723 http cache @jridgewell/remapping@https://registry.npmjs.org/@jridgewell/remapping/-/remapping-2.3.5.tgz 0ms (cache hit)
724 http cache @babel/template@https://registry.npmjs.org/@babel/template/-/template-7.29.7.tgz 0ms (cache hit)
725 http cache @babel/types@https://registry.npmjs.org/@babel/types/-/types-7.29.7.tgz 0ms (cache hit)
726 http cache @babel/traverse@https://registry.npmjs.org/@babel/traverse/-/traverse-7.29.7.tgz 0ms (cache hit)
727 http cache @babel/parser@https://registry.npmjs.org/@babel/parser/-/parser-7.29.7.tgz 0ms (cache hit)
728 http cache @babel/generator@https://registry.npmjs.org/@babel/generator/-/generator-7.29.7.tgz 0ms (cache hit)
729 http cache @babel/helper-module-transforms@https://registry.npmjs.org/@babel/helper-module-transforms/-/helper-module-transforms-7.29.7.tgz 0ms (cache hit)
730 http cache @babel/helpers@https://registry.npmjs.org/@babel/helpers/-/helpers-7.29.7.tgz 0ms (cache hit)
731 http cache @babel/helper-compilation-targets@https://registry.npmjs.org/@babel/helper-compilation-targets/-/helper-compilation-targets-7.29.7.tgz 0ms (cache hit)
732 http cache @types/babel__core@https://registry.npmjs.org/@types/babel__core/-/babel__core-7.20.5.tgz 0ms (cache hit)
733 http cache react-refresh@https://registry.npmjs.org/react-refresh/-/react-refresh-0.17.0.tgz 0ms (cache hit)
734 http cache @babel/code-frame@https://registry.npmjs.org/@babel/code-frame/-/code-frame-7.29.7.tgz 0ms (cache hit)
735 http cache @rolldown/pluginutils@https://registry.npmjs.org/@rolldown/pluginutils/-/pluginutils-1.0.0-beta.38.tgz 0ms (cache hit)
736 http cache @babel/plugin-transform-react-jsx-self@https://registry.npmjs.org/@babel/plugin-transform-react-jsx-self/-/plugin-transform-react-jsx-self-7.29.7.tgz 0ms (cache hit)
737 http cache react@https://registry.npmjs.org/react/-/react-19.2.0.tgz 0ms (cache hit)
738 http cache @babel/plugin-transform-react-jsx-source@https://registry.npmjs.org/@babel/plugin-transform-react-jsx-source/-/plugin-transform-react-jsx-source-7.29.7.tgz 0ms (cache hit)
739 http cache @babel/core@https://registry.npmjs.org/@babel/core/-/core-7.29.7.tgz 0ms (cache hit)
740 http cache @vitejs/plugin-react@https://registry.npmjs.org/@vitejs/plugin-react/-/plugin-react-5.0.4.tgz 0ms (cache hit)
741 http cache vite@https://registry.npmjs.org/vite/-/vite-6.4.2.tgz 0ms (cache hit)
742 http cache react-dom@https://registry.npmjs.org/react-dom/-/react-dom-19.2.0.tgz 0ms (cache hit)
743 silly tarball no local data for @types/estree@https://registry.npmjs.org/@types/estree/-/estree-1.0.9.tgz. Extracting by manifest.
744 silly tarball no local data for source-map-js@https://registry.npmjs.org/source-map-js/-/source-map-js-1.2.1.tgz. Extracting by manifest.
745 silly tarball no local data for tinyglobby@https://registry.npmjs.org/tinyglobby/-/tinyglobby-0.2.17.tgz. Extracting by manifest.
746 silly tarball no local data for @esbuild/darwin-arm64@https://registry.npmjs.org/@esbuild/darwin-arm64/-/darwin-arm64-0.25.12.tgz. Extracting by manifest.
747 silly tarball no local data for postcss@https://registry.npmjs.org/postcss/-/postcss-8.5.15.tgz. Extracting by manifest.
748 silly tarball no local data for nanoid@https://registry.npmjs.org/nanoid/-/nanoid-3.3.13.tgz. Extracting by manifest.
749 silly tarball no local data for rollup@https://registry.npmjs.org/rollup/-/rollup-4.62.2.tgz. Extracting by manifest.
750 silly tarball no local data for fsevents@https://registry.npmjs.org/fsevents/-/fsevents-2.3.3.tgz. Extracting by manifest.
751 silly tarball no local data for @rollup/rollup-darwin-arm64@https://registry.npmjs.org/@rollup/rollup-darwin-arm64/-/rollup-darwin-arm64-4.62.2.tgz. Extracting by manifest.
752 silly tarball no local data for fdir@https://registry.npmjs.org/fdir/-/fdir-6.5.0.tgz. Extracting by manifest.
753 silly tarball no local data for esbuild@https://registry.npmjs.org/esbuild/-/esbuild-0.25.12.tgz. Extracting by manifest.
754 silly tarball no local data for scheduler@https://registry.npmjs.org/scheduler/-/scheduler-0.27.0.tgz. Extracting by manifest.
755 silly tarball no local data for escalade@https://registry.npmjs.org/escalade/-/escalade-3.2.0.tgz. Extracting by manifest.
756 silly tarball no local data for yallist@https://registry.npmjs.org/yallist/-/yallist-3.1.1.tgz. Extracting by manifest.
757 silly tarball no local data for picomatch@https://registry.npmjs.org/picomatch/-/picomatch-4.0.4.tgz. Extracting by manifest.
758 silly tarball no local data for update-browserslist-db@https://registry.npmjs.org/update-browserslist-db/-/update-browserslist-db-1.2.3.tgz. Extracting by manifest.
759 silly tarball no local data for ms@https://registry.npmjs.org/ms/-/ms-2.1.3.tgz. Extracting by manifest.
760 silly tarball no local data for caniuse-lite@https://registry.npmjs.org/caniuse-lite/-/caniuse-lite-1.0.30001799.tgz. Extracting by manifest.
761 silly tarball no local data for node-releases@https://registry.npmjs.org/node-releases/-/node-releases-2.0.48.tgz. Extracting by manifest.
762 silly tarball no local data for baseline-browser-mapping@https://registry.npmjs.org/baseline-browser-mapping/-/baseline-browser-mapping-2.10.38.tgz. Extracting by manifest.
763 silly tarball no local data for electron-to-chromium@https://registry.npmjs.org/electron-to-chromium/-/electron-to-chromium-1.5.376.tgz. Extracting by manifest.
764 silly tarball no local data for @types/babel__template@https://registry.npmjs.org/@types/babel__template/-/babel__template-7.4.4.tgz. Extracting by manifest.
765 silly tarball no local data for @types/babel__generator@https://registry.npmjs.org/@types/babel__generator/-/babel__generator-7.27.0.tgz. Extracting by manifest.
766 silly tarball no local data for @types/babel__traverse@https://registry.npmjs.org/@types/babel__traverse/-/babel__traverse-7.28.0.tgz. Extracting by manifest.
767 silly tarball no local data for @babel/helper-string-parser@https://registry.npmjs.org/@babel/helper-string-parser/-/helper-string-parser-7.29.7.tgz. Extracting by manifest.
768 silly tarball no local data for @babel/helper-globals@https://registry.npmjs.org/@babel/helper-globals/-/helper-globals-7.29.7.tgz. Extracting by manifest.
769 silly tarball no local data for @jridgewell/resolve-uri@https://registry.npmjs.org/@jridgewell/resolve-uri/-/resolve-uri-3.1.2.tgz. Extracting by manifest.
770 silly tarball no local data for @jridgewell/sourcemap-codec@https://registry.npmjs.org/@jridgewell/sourcemap-codec/-/sourcemap-codec-1.5.5.tgz. Extracting by manifest.
771 silly tarball no local data for @babel/helper-plugin-utils@https://registry.npmjs.org/@babel/helper-plugin-utils/-/helper-plugin-utils-7.29.7.tgz. Extracting by manifest.
772 silly tarball no local data for @babel/helper-module-imports@https://registry.npmjs.org/@babel/helper-module-imports/-/helper-module-imports-7.29.7.tgz. Extracting by manifest.
773 silly tarball no local data for lru-cache@https://registry.npmjs.org/lru-cache/-/lru-cache-5.1.1.tgz. Extracting by manifest.
774 silly tarball no local data for @babel/helper-validator-option@https://registry.npmjs.org/@babel/helper-validator-option/-/helper-validator-option-7.29.7.tgz. Extracting by manifest.
775 silly tarball no local data for @jridgewell/trace-mapping@https://registry.npmjs.org/@jridgewell/trace-mapping/-/trace-mapping-0.3.31.tgz. Extracting by manifest.
776 silly tarball no local data for @babel/compat-data@https://registry.npmjs.org/@babel/compat-data/-/compat-data-7.29.7.tgz. Extracting by manifest.
777 silly tarball no local data for jsesc@https://registry.npmjs.org/jsesc/-/jsesc-3.1.0.tgz. Extracting by manifest.
778 silly tarball no local data for @jridgewell/gen-mapping@https://registry.npmjs.org/@jridgewell/gen-mapping/-/gen-mapping-0.3.13.tgz. Extracting by manifest.
779 silly tarball no local data for picocolors@https://registry.npmjs.org/picocolors/-/picocolors-1.1.1.tgz. Extracting by manifest.
780 silly tarball no local data for browserslist@https://registry.npmjs.org/browserslist/-/browserslist-4.28.2.tgz. Extracting by manifest.
781 silly tarball no local data for @babel/helper-validator-identifier@https://registry.npmjs.org/@babel/helper-validator-identifier/-/helper-validator-identifier-7.29.7.tgz. Extracting by manifest.
782 silly tarball no local data for json5@https://registry.npmjs.org/json5/-/json5-2.2.3.tgz. Extracting by manifest.
783 silly tarball no local data for semver@https://registry.npmjs.org/semver/-/semver-6.3.1.tgz. Extracting by manifest.
784 silly tarball no local data for js-tokens@https://registry.npmjs.org/js-tokens/-/js-tokens-4.0.0.tgz. Extracting by manifest.
785 silly tarball no local data for gensync@https://registry.npmjs.org/gensync/-/gensync-1.0.0-beta.2.tgz. Extracting by manifest.
786 silly tarball no local data for debug@https://registry.npmjs.org/debug/-/debug-4.4.3.tgz. Extracting by manifest.
787 silly tarball no local data for convert-source-map@https://registry.npmjs.org/convert-source-map/-/convert-source-map-2.0.0.tgz. Extracting by manifest.
788 silly tarball no local data for @jridgewell/remapping@https://registry.npmjs.org/@jridgewell/remapping/-/remapping-2.3.5.tgz. Extracting by manifest.
789 silly tarball no local data for @babel/template@https://registry.npmjs.org/@babel/template/-/template-7.29.7.tgz. Extracting by manifest.
790 silly tarball no local data for @babel/types@https://registry.npmjs.org/@babel/types/-/types-7.29.7.tgz. Extracting by manifest.
791 silly tarball no local data for @babel/traverse@https://registry.npmjs.org/@babel/traverse/-/traverse-7.29.7.tgz. Extracting by manifest.
792 silly tarball no local data for @babel/parser@https://registry.npmjs.org/@babel/parser/-/parser-7.29.7.tgz. Extracting by manifest.
793 silly tarball no local data for @babel/generator@https://registry.npmjs.org/@babel/generator/-/generator-7.29.7.tgz. Extracting by manifest.
794 silly tarball no local data for @babel/helper-module-transforms@https://registry.npmjs.org/@babel/helper-module-transforms/-/helper-module-transforms-7.29.7.tgz. Extracting by manifest.
795 silly tarball no local data for @babel/helpers@https://registry.npmjs.org/@babel/helpers/-/helpers-7.29.7.tgz. Extracting by manifest.
796 silly tarball no local data for @babel/helper-compilation-targets@https://registry.npmjs.org/@babel/helper-compilation-targets/-/helper-compilation-targets-7.29.7.tgz. Extracting by manifest.
797 silly tarball no local data for @types/babel__core@https://registry.npmjs.org/@types/babel__core/-/babel__core-7.20.5.tgz. Extracting by manifest.
798 silly tarball no local data for react-refresh@https://registry.npmjs.org/react-refresh/-/react-refresh-0.17.0.tgz. Extracting by manifest.
799 silly tarball no local data for @babel/code-frame@https://registry.npmjs.org/@babel/code-frame/-/code-frame-7.29.7.tgz. Extracting by manifest.
800 silly tarball no local data for @rolldown/pluginutils@https://registry.npmjs.org/@rolldown/pluginutils/-/pluginutils-1.0.0-beta.38.tgz. Extracting by manifest.
801 silly tarball no local data for @babel/plugin-transform-react-jsx-self@https://registry.npmjs.org/@babel/plugin-transform-react-jsx-self/-/plugin-transform-react-jsx-self-7.29.7.tgz. Extracting by manifest.
802 silly tarball no local data for react@https://registry.npmjs.org/react/-/react-19.2.0.tgz. Extracting by manifest.
803 silly tarball no local data for @babel/plugin-transform-react-jsx-source@https://registry.npmjs.org/@babel/plugin-transform-react-jsx-source/-/plugin-transform-react-jsx-source-7.29.7.tgz. Extracting by manifest.
804 silly tarball no local data for @babel/core@https://registry.npmjs.org/@babel/core/-/core-7.29.7.tgz. Extracting by manifest.
805 silly tarball no local data for @vitejs/plugin-react@https://registry.npmjs.org/@vitejs/plugin-react/-/plugin-react-5.0.4.tgz. Extracting by manifest.
806 silly tarball no local data for vite@https://registry.npmjs.org/vite/-/vite-6.4.2.tgz. Extracting by manifest.
807 silly tarball no local data for react-dom@https://registry.npmjs.org/react-dom/-/react-dom-19.2.0.tgz. Extracting by manifest.
808 http fetch GET 200 https://registry.npmjs.org/tinyglobby/-/tinyglobby-0.2.17.tgz 229ms (cache miss)
809 http fetch GET 200 https://registry.npmjs.org/fsevents/-/fsevents-2.3.3.tgz 229ms (cache miss)
810 http fetch GET 200 https://registry.npmjs.org/nanoid/-/nanoid-3.3.13.tgz 230ms (cache miss)
811 http fetch GET 200 https://registry.npmjs.org/@types/estree/-/estree-1.0.9.tgz 231ms (cache miss)
812 http fetch GET 200 https://registry.npmjs.org/source-map-js/-/source-map-js-1.2.1.tgz 235ms (cache miss)
813 http fetch GET 200 https://registry.npmjs.org/postcss/-/postcss-8.5.15.tgz 239ms (cache miss)
814 http fetch GET 200 https://registry.npmjs.org/@esbuild/darwin-arm64/-/darwin-arm64-0.25.12.tgz 435ms (cache miss)
815 http fetch GET 200 https://registry.npmjs.org/@rollup/rollup-darwin-arm64/-/rollup-darwin-arm64-4.62.2.tgz 440ms (cache miss)
816 http fetch GET 200 https://registry.npmjs.org/rollup/-/rollup-4.62.2.tgz 504ms (cache miss)
817 http fetch GET 200 https://registry.npmjs.org/node-releases/-/node-releases-2.0.48.tgz 1090ms (cache miss)
818 http fetch GET 200 https://registry.npmjs.org/@types/babel__traverse/-/babel__traverse-7.28.0.tgz 1091ms (cache miss)
819 http fetch GET 200 https://registry.npmjs.org/@types/babel__generator/-/babel__generator-7.27.0.tgz 1091ms (cache miss)
820 http fetch GET 200 https://registry.npmjs.org/update-browserslist-db/-/update-browserslist-db-1.2.3.tgz 1097ms (cache miss)
821 http fetch GET 200 https://registry.npmjs.org/@types/babel__template/-/babel__template-7.4.4.tgz 1092ms (cache miss)
822 http fetch GET 200 https://registry.npmjs.org/ms/-/ms-2.1.3.tgz 1096ms (cache miss)
823 http fetch GET 200 https://registry.npmjs.org/electron-to-chromium/-/electron-to-chromium-1.5.376.tgz 1094ms (cache miss)
824 http fetch GET 200 https://registry.npmjs.org/baseline-browser-mapping/-/baseline-browser-mapping-2.10.38.tgz 1096ms (cache miss)
825 http fetch GET 200 https://registry.npmjs.org/caniuse-lite/-/caniuse-lite-1.0.30001799.tgz 1224ms (cache miss)
826 http fetch GET 200 https://registry.npmjs.org/lru-cache/-/lru-cache-5.1.1.tgz 1248ms (cache miss)
827 http fetch GET 200 https://registry.npmjs.org/@babel/helper-globals/-/helper-globals-7.29.7.tgz 1250ms (cache miss)
828 http fetch GET 200 https://registry.npmjs.org/@babel/helper-plugin-utils/-/helper-plugin-utils-7.29.7.tgz 1254ms (cache miss)
829 http fetch GET 200 https://registry.npmjs.org/@babel/helper-string-parser/-/helper-string-parser-7.29.7.tgz 1257ms (cache miss)
830 http fetch GET 200 https://registry.npmjs.org/@babel/helper-validator-option/-/helper-validator-option-7.29.7.tgz 1262ms (cache miss)
831 http fetch GET 200 https://registry.npmjs.org/@babel/helper-module-imports/-/helper-module-imports-7.29.7.tgz 1264ms (cache miss)
832 http fetch GET 200 https://registry.npmjs.org/@jridgewell/resolve-uri/-/resolve-uri-3.1.2.tgz 1269ms (cache miss)
833 http fetch GET 200 https://registry.npmjs.org/@jridgewell/sourcemap-codec/-/sourcemap-codec-1.5.5.tgz 1270ms (cache miss)
834 http fetch GET 200 https://registry.npmjs.org/@jridgewell/trace-mapping/-/trace-mapping-0.3.31.tgz 1418ms (cache miss)
835 http fetch GET 200 https://registry.npmjs.org/jsesc/-/jsesc-3.1.0.tgz 1421ms (cache miss)
836 http fetch GET 200 https://registry.npmjs.org/picocolors/-/picocolors-1.1.1.tgz 1425ms (cache miss)
837 http fetch GET 200 https://registry.npmjs.org/@babel/compat-data/-/compat-data-7.29.7.tgz 1433ms (cache miss)
838 http fetch GET 200 https://registry.npmjs.org/browserslist/-/browserslist-4.28.2.tgz 1439ms (cache miss)
839 http fetch GET 200 https://registry.npmjs.org/semver/-/semver-6.3.1.tgz 1439ms (cache miss)
840 http fetch GET 200 https://registry.npmjs.org/@jridgewell/gen-mapping/-/gen-mapping-0.3.13.tgz 1449ms (cache miss)
841 http fetch GET 200 https://registry.npmjs.org/@babel/helper-validator-identifier/-/helper-validator-identifier-7.29.7.tgz 1458ms (cache miss)
842 http fetch GET 200 https://registry.npmjs.org/json5/-/json5-2.2.3.tgz 1465ms (cache miss)
843 http fetch GET 200 https://registry.npmjs.org/yallist/-/yallist-3.1.1.tgz 1480ms (cache miss)
844 http fetch GET 200 https://registry.npmjs.org/escalade/-/escalade-3.2.0.tgz 1484ms (cache miss)
845 http fetch GET 200 https://registry.npmjs.org/fdir/-/fdir-6.5.0.tgz 1499ms (cache miss)
846 http fetch GET 200 https://registry.npmjs.org/scheduler/-/scheduler-0.27.0.tgz 1501ms (cache miss)
847 http fetch GET 200 https://registry.npmjs.org/picomatch/-/picomatch-4.0.4.tgz 1561ms (cache miss)
848 http fetch GET 200 https://registry.npmjs.org/esbuild/-/esbuild-0.25.12.tgz 1588ms (cache miss)
849 http fetch GET 200 https://registry.npmjs.org/js-tokens/-/js-tokens-4.0.0.tgz 1585ms (cache miss)
850 http fetch GET 200 https://registry.npmjs.org/gensync/-/gensync-1.0.0-beta.2.tgz 1589ms (cache miss)
851 http fetch GET 200 https://registry.npmjs.org/debug/-/debug-4.4.3.tgz 1597ms (cache miss)
852 http fetch GET 200 https://registry.npmjs.org/convert-source-map/-/convert-source-map-2.0.0.tgz 1612ms (cache miss)
853 http fetch GET 200 https://registry.npmjs.org/@jridgewell/remapping/-/remapping-2.3.5.tgz 1633ms (cache miss)
854 http fetch GET 200 https://registry.npmjs.org/@babel/template/-/template-7.29.7.tgz 1646ms (cache miss)
855 http fetch GET 200 https://registry.npmjs.org/@babel/types/-/types-7.29.7.tgz 1679ms (cache miss)
856 http fetch GET 200 https://registry.npmjs.org/@babel/parser/-/parser-7.29.7.tgz 1688ms (cache miss)
857 http fetch GET 200 https://registry.npmjs.org/@babel/traverse/-/traverse-7.29.7.tgz 1710ms (cache miss)
858 http fetch GET 200 https://registry.npmjs.org/@babel/helper-module-transforms/-/helper-module-transforms-7.29.7.tgz 1768ms (cache miss)
859 http fetch GET 200 https://registry.npmjs.org/@babel/plugin-transform-react-jsx-self/-/plugin-transform-react-jsx-self-7.29.7.tgz 2078ms (cache miss)
860 http fetch GET 200 https://registry.npmjs.org/@rolldown/pluginutils/-/pluginutils-1.0.0-beta.38.tgz 2080ms (cache miss)
861 http fetch GET 200 https://registry.npmjs.org/@babel/plugin-transform-react-jsx-source/-/plugin-transform-react-jsx-source-7.29.7.tgz 2081ms (cache miss)
862 http fetch GET 200 https://registry.npmjs.org/@babel/code-frame/-/code-frame-7.29.7.tgz 2081ms (cache miss)
863 http fetch GET 200 https://registry.npmjs.org/@vitejs/plugin-react/-/plugin-react-5.0.4.tgz 2081ms (cache miss)
864 http fetch GET 200 https://registry.npmjs.org/react-refresh/-/react-refresh-0.17.0.tgz 2084ms (cache miss)
865 http fetch GET 200 https://registry.npmjs.org/@types/babel__core/-/babel__core-7.20.5.tgz 2084ms (cache miss)
866 http fetch GET 200 https://registry.npmjs.org/@babel/helper-compilation-targets/-/helper-compilation-targets-7.29.7.tgz 2090ms (cache miss)
867 http fetch GET 200 https://registry.npmjs.org/react/-/react-19.2.0.tgz 2089ms (cache miss)
868 http fetch GET 200 https://registry.npmjs.org/vite/-/vite-6.4.2.tgz 2101ms (cache miss)
869 http fetch GET 200 https://registry.npmjs.org/@babel/core/-/core-7.29.7.tgz 2112ms (cache miss)
870 http fetch GET 200 https://registry.npmjs.org/@babel/helpers/-/helpers-7.29.7.tgz 2300ms (cache miss)
871 http fetch GET 200 https://registry.npmjs.org/react-dom/-/react-dom-19.2.0.tgz 2320ms (cache miss)
872 http fetch GET 200 https://registry.npmjs.org/@babel/generator/-/generator-7.29.7.tgz 2329ms (cache miss)
873 info run fsevents@2.3.3 install node_modules/fsevents node-gyp rebuild
874 info run fsevents@2.3.3 install { code: 1, signal: null }
875 verbose reify failed optional dependency /Users/zhangwenbo/Desktop/自媒体项目/作品/20260619_AI同事上岗/封面预览/node_modules/fsevents
876 silly reify mark deleted [
876 silly reify   '/Users/zhangwenbo/Desktop/自媒体项目/作品/20260619_AI同事上岗/封面预览/node_modules/fsevents'
876 silly reify ]
877 info run esbuild@0.25.12 postinstall node_modules/esbuild node install.js
878 info run esbuild@0.25.12 postinstall { code: 0, signal: null }
879 silly ADD node_modules/@types/estree
880 silly ADD node_modules/@rollup/rollup-darwin-arm64
881 silly ADD node_modules/source-map-js
882 silly ADD node_modules/nanoid
883 silly ADD node_modules/@esbuild/darwin-arm64
884 silly ADD node_modules/tinyglobby
885 silly ADD node_modules/rollup
886 silly ADD node_modules/postcss
887 silly ADD node_modules/picomatch
888 silly ADD
889 silly ADD node_modules/fdir
890 silly ADD node_modules/esbuild
891 silly ADD node_modules/escalade
892 silly ADD node_modules/scheduler
893 silly ADD node_modules/yallist
894 silly ADD node_modules/ms
895 silly ADD node_modules/update-browserslist-db
896 silly ADD node_modules/node-releases
897 silly ADD node_modules/electron-to-chromium
898 silly ADD node_modules/caniuse-lite
899 silly ADD node_modules/baseline-browser-mapping
900 silly ADD node_modules/@types/babel__traverse
901 silly ADD node_modules/@types/babel__template
902 silly ADD node_modules/@types/babel__generator
903 silly ADD node_modules/@jridgewell/resolve-uri
904 silly ADD node_modules/@jridgewell/sourcemap-codec
905 silly ADD node_modules/@babel/helper-string-parser
906 silly ADD node_modules/@babel/helper-globals
907 silly ADD node_modules/@babel/helper-plugin-utils
908 silly ADD node_modules/@babel/helper-module-imports
909 silly ADD node_modules/lru-cache
910 silly ADD node_modules/browserslist
911 silly ADD node_modules/@babel/helper-validator-option
912 silly ADD node_modules/@babel/compat-data
913 silly ADD node_modules/jsesc
914 silly ADD node_modules/@jridgewell/trace-mapping
915 silly ADD node_modules/@jridgewell/gen-mapping
916 silly ADD node_modules/picocolors
917 silly ADD node_modules/js-tokens
918 silly ADD node_modules/@babel/helper-validator-identifier
919 silly ADD node_modules/semver
920 silly ADD node_modules/json5
921 silly ADD node_modules/gensync
922 silly ADD node_modules/debug
923 silly ADD node_modules/convert-source-map
924 silly ADD node_modules/@jridgewell/remapping
925 silly ADD node_modules/@babel/types
926 silly ADD node_modules/@babel/traverse
927 silly ADD node_modules/@babel/template
928 silly ADD node_modules/@babel/parser
929 silly ADD node_modules/@babel/helpers
930 silly ADD node_modules/@babel/helper-module-transforms
931 silly ADD node_modules/@babel/helper-compilation-targets
932 silly ADD node_modules/@babel/generator
933 silly ADD node_modules/@babel/code-frame
934 silly ADD node_modules/react-refresh
935 silly ADD node_modules/@types/babel__core
936 silly ADD node_modules/@rolldown/pluginutils
937 silly ADD node_modules/@babel/plugin-transform-react-jsx-source
938 silly ADD node_modules/@babel/plugin-transform-react-jsx-self
939 silly ADD node_modules/@babel/core
940 silly ADD node_modules/react-dom
941 silly ADD node_modules/react
942 silly ADD node_modules/vite
943 silly ADD node_modules/@vitejs/plugin-react
944 verbose cwd /Users/zhangwenbo/Desktop/自媒体项目/作品/20260619_AI同事上岗/封面预览
945 verbose os Darwin 25.5.0
946 verbose node v24.13.1
947 verbose npm  v11.8.0
948 verbose exit 0
949 info ok
